[0.464s] Invoking command in '/home/antoxa/ros/ROS/lab2/ex10/text_to_cmd_vel': DEBUGINFOD_URLS=https://debuginfod.ubuntu.com PYTHONPATH=/home/antoxa/ros/ROS/lab2/ex10/build/text_to_cmd_vel/prefix_override:/usr/lib/python3/dist-packages/colcon_core/task/python/colcon_distutils_commands:/home/antoxa/ros/ROS/lab2/ex10/install/text_to_cmd_vel/lib/python3.12/site-packages:${PYTHONPATH} /usr/bin/python3 -W ignore:setup.py install is deprecated -W ignore:easy_install command is deprecated setup.py egg_info --egg-base ../build/text_to_cmd_vel build --build-base /home/antoxa/ros/ROS/lab2/ex10/build/text_to_cmd_vel/build install --record /home/antoxa/ros/ROS/lab2/ex10/build/text_to_cmd_vel/install.log --single-version-externally-managed install_data
[0.620s] running egg_info
[0.620s] creating ../build/text_to_cmd_vel/text_to_cmd_vel.egg-info
[0.629s] writing ../build/text_to_cmd_vel/text_to_cmd_vel.egg-info/PKG-INFO
[0.630s] writing dependency_links to ../build/text_to_cmd_vel/text_to_cmd_vel.egg-info/dependency_links.txt
[0.630s] writing entry points to ../build/text_to_cmd_vel/text_to_cmd_vel.egg-info/entry_points.txt
[0.630s] writing requirements to ../build/text_to_cmd_vel/text_to_cmd_vel.egg-info/requires.txt
[0.630s] writing top-level names to ../build/text_to_cmd_vel/text_to_cmd_vel.egg-info/top_level.txt
[0.630s] writing manifest file '../build/text_to_cmd_vel/text_to_cmd_vel.egg-info/SOURCES.txt'
[0.650s] reading manifest file '../build/text_to_cmd_vel/text_to_cmd_vel.egg-info/SOURCES.txt'
[0.650s] adding license file 'LICENSE'
[0.651s] writing manifest file '../build/text_to_cmd_vel/text_to_cmd_vel.egg-info/SOURCES.txt'
[0.651s] running build
[0.651s] running build_py
[0.651s] creating /home/antoxa/ros/ROS/lab2/ex10/build/text_to_cmd_vel/build
[0.651s] creating /home/antoxa/ros/ROS/lab2/ex10/build/text_to_cmd_vel/build/lib
[0.651s] creating /home/antoxa/ros/ROS/lab2/ex10/build/text_to_cmd_vel/build/lib/text_to_cmd_vel
[0.651s] copying text_to_cmd_vel/__init__.py -> /home/antoxa/ros/ROS/lab2/ex10/build/text_to_cmd_vel/build/lib/text_to_cmd_vel
[0.651s] copying text_to_cmd_vel/text_to_cmd_vel.py -> /home/antoxa/ros/ROS/lab2/ex10/build/text_to_cmd_vel/build/lib/text_to_cmd_vel
[0.652s] running install
[0.655s] running install_lib
[0.665s] creating /home/antoxa/ros/ROS/lab2/ex10/install/text_to_cmd_vel/lib/python3.12/site-packages/text_to_cmd_vel
[0.665s] copying /home/antoxa/ros/ROS/lab2/ex10/build/text_to_cmd_vel/build/lib/text_to_cmd_vel/__init__.py -> /home/antoxa/ros/ROS/lab2/ex10/install/text_to_cmd_vel/lib/python3.12/site-packages/text_to_cmd_vel
[0.665s] copying /home/antoxa/ros/ROS/lab2/ex10/build/text_to_cmd_vel/build/lib/text_to_cmd_vel/text_to_cmd_vel.py -> /home/antoxa/ros/ROS/lab2/ex10/install/text_to_cmd_vel/lib/python3.12/site-packages/text_to_cmd_vel
[0.666s] byte-compiling /home/antoxa/ros/ROS/lab2/ex10/install/text_to_cmd_vel/lib/python3.12/site-packages/text_to_cmd_vel/__init__.py to __init__.cpython-312.pyc
[0.666s] byte-compiling /home/antoxa/ros/ROS/lab2/ex10/install/text_to_cmd_vel/lib/python3.12/site-packages/text_to_cmd_vel/text_to_cmd_vel.py to text_to_cmd_vel.cpython-312.pyc
[0.666s] running install_data
[0.666s] creating /home/antoxa/ros/ROS/lab2/ex10/install/text_to_cmd_vel/share/ament_index
[0.666s] creating /home/antoxa/ros/ROS/lab2/ex10/install/text_to_cmd_vel/share/ament_index/resource_index
[0.667s] creating /home/antoxa/ros/ROS/lab2/ex10/install/text_to_cmd_vel/share/ament_index/resource_index/packages
[0.667s] copying resource/text_to_cmd_vel -> /home/antoxa/ros/ROS/lab2/ex10/install/text_to_cmd_vel/share/ament_index/resource_index/packages
[0.667s] copying package.xml -> /home/antoxa/ros/ROS/lab2/ex10/install/text_to_cmd_vel/share/text_to_cmd_vel
[0.667s] running install_egg_info
[0.677s] Copying ../build/text_to_cmd_vel/text_to_cmd_vel.egg-info to /home/antoxa/ros/ROS/lab2/ex10/install/text_to_cmd_vel/lib/python3.12/site-packages/text_to_cmd_vel-0.0.0-py3.12.egg-info
[0.678s] running install_scripts
[0.751s] Installing text_to_cmd_vel script to /home/antoxa/ros/ROS/lab2/ex10/install/text_to_cmd_vel/lib/text_to_cmd_vel
[0.751s] writing list of installed files to '/home/antoxa/ros/ROS/lab2/ex10/build/text_to_cmd_vel/install.log'
[0.768s] Invoked command in '/home/antoxa/ros/ROS/lab2/ex10/text_to_cmd_vel' returned '0': DEBUGINFOD_URLS=https://debuginfod.ubuntu.com PYTHONPATH=/home/antoxa/ros/ROS/lab2/ex10/build/text_to_cmd_vel/prefix_override:/usr/lib/python3/dist-packages/colcon_core/task/python/colcon_distutils_commands:/home/antoxa/ros/ROS/lab2/ex10/install/text_to_cmd_vel/lib/python3.12/site-packages:${PYTHONPATH} /usr/bin/python3 -W ignore:setup.py install is deprecated -W ignore:easy_install command is deprecated setup.py egg_info --egg-base ../build/text_to_cmd_vel build --build-base /home/antoxa/ros/ROS/lab2/ex10/build/text_to_cmd_vel/build install --record /home/antoxa/ros/ROS/lab2/ex10/build/text_to_cmd_vel/install.log --single-version-externally-managed install_data
