[0.067s] DEBUG:colcon:Command line arguments: ['/usr/bin/colcon', 'build', '--packages-select', 'full_name_pkg']
[0.067s] DEBUG:colcon:Parsed command line arguments: Namespace(log_base=None, log_level=None, verb_name='build', build_base='build', install_base='install', merge_install=False, symlink_install=False, test_result_base=None, continue_on_error=False, executor='parallel', parallel_workers=22, event_handlers=None, ignore_user_meta=False, metas=['./colcon.meta'], base_paths=['.'], packages_ignore=None, packages_ignore_regex=None, paths=None, packages_up_to=None, packages_up_to_regex=None, packages_above=None, packages_above_and_dependencies=None, packages_above_depth=None, packages_select_by_dep=None, packages_skip_by_dep=None, packages_skip_up_to=None, packages_select_build_failed=False, packages_skip_build_finished=False, packages_select_test_failures=False, packages_skip_test_passed=False, packages_select=['full_name_pkg'], packages_skip=None, packages_select_regex=None, packages_skip_regex=None, packages_start=None, packages_end=None, allow_overriding=[], cmake_args=None, cmake_target=None, cmake_target_skip_unavailable=False, cmake_clean_cache=False, cmake_clean_first=False, cmake_force_configure=False, ament_cmake_args=None, catkin_cmake_args=None, catkin_skip_building_tests=False, mixin_files=None, mixin=None, verb_parser=<colcon_mixin.mixin.mixin_argument.MixinArgumentDecorator object at 0x7f1e95fa2b10>, verb_extension=<colcon_core.verb.build.BuildVerb object at 0x7f1e95fa2870>, main=<bound method BuildVerb.main of <colcon_core.verb.build.BuildVerb object at 0x7f1e95fa2870>>, mixin_verb=('build',))
[0.089s] Level 1:colcon.colcon_core.package_discovery:discover_packages(colcon_meta) check parameters
[0.089s] Level 1:colcon.colcon_core.package_discovery:discover_packages(recursive) check parameters
[0.089s] Level 1:colcon.colcon_core.package_discovery:discover_packages(ignore) check parameters
[0.089s] Level 1:colcon.colcon_core.package_discovery:discover_packages(path) check parameters
[0.089s] Level 1:colcon.colcon_core.package_discovery:discover_packages(colcon_meta) discover
[0.089s] Level 1:colcon.colcon_core.package_discovery:discover_packages(recursive) discover
[0.089s] INFO:colcon.colcon_core.package_discovery:Crawling recursively for packages in '/home/antoxa/ros/ROS/lab2/ex09'
[0.089s] Level 1:colcon.colcon_core.package_identification:_identify(.) by extensions ['ignore', 'ignore_ament_install']
[0.089s] Level 1:colcon.colcon_core.package_identification:_identify(.) by extension 'ignore'
[0.089s] Level 1:colcon.colcon_core.package_identification:_identify(.) by extension 'ignore_ament_install'
[0.089s] Level 1:colcon.colcon_core.package_identification:_identify(.) by extensions ['colcon_pkg']
[0.089s] Level 1:colcon.colcon_core.package_identification:_identify(.) by extension 'colcon_pkg'
[0.089s] Level 1:colcon.colcon_core.package_identification:_identify(.) by extensions ['colcon_meta']
[0.089s] Level 1:colcon.colcon_core.package_identification:_identify(.) by extension 'colcon_meta'
[0.089s] Level 1:colcon.colcon_core.package_identification:_identify(.) by extensions ['ros']
[0.089s] Level 1:colcon.colcon_core.package_identification:_identify(.) by extension 'ros'
[0.104s] Level 1:colcon.colcon_core.package_identification:_identify(.) by extensions ['cmake', 'python']
[0.105s] Level 1:colcon.colcon_core.package_identification:_identify(.) by extension 'cmake'
[0.105s] Level 1:colcon.colcon_core.package_identification:_identify(.) by extension 'python'
[0.105s] Level 1:colcon.colcon_core.package_identification:_identify(.) by extensions ['python_setup_py']
[0.105s] Level 1:colcon.colcon_core.package_identification:_identify(.) by extension 'python_setup_py'
[0.105s] Level 1:colcon.colcon_core.package_identification:_identify(build) by extensions ['ignore', 'ignore_ament_install']
[0.105s] Level 1:colcon.colcon_core.package_identification:_identify(build) by extension 'ignore'
[0.105s] Level 1:colcon.colcon_core.package_identification:_identify(build) ignored
[0.105s] Level 1:colcon.colcon_core.package_identification:_identify(full_name_pkg) by extensions ['ignore', 'ignore_ament_install']
[0.105s] Level 1:colcon.colcon_core.package_identification:_identify(full_name_pkg) by extension 'ignore'
[0.105s] Level 1:colcon.colcon_core.package_identification:_identify(full_name_pkg) by extension 'ignore_ament_install'
[0.105s] Level 1:colcon.colcon_core.package_identification:_identify(full_name_pkg) by extensions ['colcon_pkg']
[0.105s] Level 1:colcon.colcon_core.package_identification:_identify(full_name_pkg) by extension 'colcon_pkg'
[0.105s] Level 1:colcon.colcon_core.package_identification:_identify(full_name_pkg) by extensions ['colcon_meta']
[0.105s] Level 1:colcon.colcon_core.package_identification:_identify(full_name_pkg) by extension 'colcon_meta'
[0.105s] Level 1:colcon.colcon_core.package_identification:_identify(full_name_pkg) by extensions ['ros']
[0.105s] Level 1:colcon.colcon_core.package_identification:_identify(full_name_pkg) by extension 'ros'
[0.106s] DEBUG:colcon.colcon_core.package_identification:Package 'full_name_pkg' with type 'ros.ament_cmake' and name 'full_name_pkg'
[0.106s] Level 1:colcon.colcon_core.package_identification:_identify(install) by extensions ['ignore', 'ignore_ament_install']
[0.106s] Level 1:colcon.colcon_core.package_identification:_identify(install) by extension 'ignore'
[0.106s] Level 1:colcon.colcon_core.package_identification:_identify(install) ignored
[0.106s] Level 1:colcon.colcon_core.package_identification:_identify(log) by extensions ['ignore', 'ignore_ament_install']
[0.106s] Level 1:colcon.colcon_core.package_identification:_identify(log) by extension 'ignore'
[0.107s] Level 1:colcon.colcon_core.package_identification:_identify(log) ignored
[0.107s] Level 1:colcon.colcon_core.package_discovery:discover_packages(recursive) using defaults
[0.107s] Level 1:colcon.colcon_core.package_discovery:discover_packages(ignore) discover
[0.107s] Level 1:colcon.colcon_core.package_discovery:discover_packages(ignore) using defaults
[0.107s] Level 1:colcon.colcon_core.package_discovery:discover_packages(path) discover
[0.107s] Level 1:colcon.colcon_core.package_discovery:discover_packages(path) using defaults
[0.117s] Level 1:colcon.colcon_core.package_discovery:discover_packages(prefix_path) check parameters
[0.117s] Level 1:colcon.colcon_core.package_discovery:discover_packages(prefix_path) discover
[0.119s] DEBUG:colcon.colcon_installed_package_information.package_discovery:Found 18 installed packages in /home/antoxa/ros2_ws/install
[0.119s] DEBUG:colcon.colcon_installed_package_information.package_discovery:Found 285 installed packages in /opt/ros/jazzy
[0.120s] Level 1:colcon.colcon_core.package_discovery:discover_packages(prefix_path) using defaults
[0.142s] Level 5:colcon.colcon_core.verb:set package 'full_name_pkg' build argument 'cmake_args' from command line to 'None'
[0.142s] Level 5:colcon.colcon_core.verb:set package 'full_name_pkg' build argument 'cmake_target' from command line to 'None'
[0.142s] Level 5:colcon.colcon_core.verb:set package 'full_name_pkg' build argument 'cmake_target_skip_unavailable' from command line to 'False'
[0.142s] Level 5:colcon.colcon_core.verb:set package 'full_name_pkg' build argument 'cmake_clean_cache' from command line to 'False'
[0.142s] Level 5:colcon.colcon_core.verb:set package 'full_name_pkg' build argument 'cmake_clean_first' from command line to 'False'
[0.142s] Level 5:colcon.colcon_core.verb:set package 'full_name_pkg' build argument 'cmake_force_configure' from command line to 'False'
[0.142s] Level 5:colcon.colcon_core.verb:set package 'full_name_pkg' build argument 'ament_cmake_args' from command line to 'None'
[0.142s] Level 5:colcon.colcon_core.verb:set package 'full_name_pkg' build argument 'catkin_cmake_args' from command line to 'None'
[0.142s] Level 5:colcon.colcon_core.verb:set package 'full_name_pkg' build argument 'catkin_skip_building_tests' from command line to 'False'
[0.142s] DEBUG:colcon.colcon_core.verb:Building package 'full_name_pkg' with the following arguments: {'ament_cmake_args': None, 'build_base': '/home/antoxa/ros/ROS/lab2/ex09/build/full_name_pkg', 'catkin_cmake_args': None, 'catkin_skip_building_tests': False, 'cmake_args': None, 'cmake_clean_cache': False, 'cmake_clean_first': False, 'cmake_force_configure': False, 'cmake_target': None, 'cmake_target_skip_unavailable': False, 'install_base': '/home/antoxa/ros/ROS/lab2/ex09/install/full_name_pkg', 'merge_install': False, 'path': '/home/antoxa/ros/ROS/lab2/ex09/full_name_pkg', 'symlink_install': False, 'test_result_base': None}
[0.142s] INFO:colcon.colcon_core.executor:Executing jobs using 'parallel' executor
[0.143s] DEBUG:colcon.colcon_parallel_executor.executor.parallel:run_until_complete
[0.143s] INFO:colcon.colcon_ros.task.ament_cmake.build:Building ROS package in '/home/antoxa/ros/ROS/lab2/ex09/full_name_pkg' with build type 'ament_cmake'
[0.143s] INFO:colcon.colcon_cmake.task.cmake.build:Building CMake package in '/home/antoxa/ros/ROS/lab2/ex09/full_name_pkg'
[0.146s] INFO:colcon.colcon_core.plugin_system:Skipping extension 'colcon_core.shell.bat': Not used on non-Windows systems
[0.146s] INFO:colcon.colcon_core.shell:Skip shell extension 'powershell' for command environment: Not usable outside of PowerShell
[0.146s] DEBUG:colcon.colcon_core.shell:Skip shell extension 'dsv' for command environment
[0.152s] DEBUG:colcon.colcon_core.event_handler.log_command:Invoking command in '/home/antoxa/ros/ROS/lab2/ex09/build/full_name_pkg': CMAKE_PREFIX_PATH=${CMAKE_PREFIX_PATH}:/home/antoxa/ros2_ws/install/launch_testing_examples:/home/antoxa/ros2_ws/install/examples_rclpy_pointcloud_publisher:/home/antoxa/ros2_ws/install/examples_rclpy_minimal_subscriber:/home/antoxa/ros2_ws/install/examples_rclpy_minimal_service:/home/antoxa/ros2_ws/install/examples_rclpy_minimal_publisher:/home/antoxa/ros2_ws/install/examples_rclpy_minimal_client:/home/antoxa/ros2_ws/install/examples_rclpy_minimal_action_server:/home/antoxa/ros2_ws/install/examples_rclpy_minimal_action_client:/home/antoxa/ros2_ws/install/examples_rclpy_guard_conditions:/home/antoxa/ros2_ws/install/examples_rclpy_executors:/opt/ros/jazzy DEBUGINFOD_URLS=https://debuginfod.ubuntu.com /usr/bin/cmake /home/antoxa/ros/ROS/lab2/ex09/full_name_pkg -DCMAKE_INSTALL_PREFIX=/home/antoxa/ros/ROS/lab2/ex09/install/full_name_pkg
[2.422s] DEBUG:colcon.colcon_core.event_handler.log_command:Invoked command in '/home/antoxa/ros/ROS/lab2/ex09/build/full_name_pkg' returned '0': CMAKE_PREFIX_PATH=${CMAKE_PREFIX_PATH}:/home/antoxa/ros2_ws/install/launch_testing_examples:/home/antoxa/ros2_ws/install/examples_rclpy_pointcloud_publisher:/home/antoxa/ros2_ws/install/examples_rclpy_minimal_subscriber:/home/antoxa/ros2_ws/install/examples_rclpy_minimal_service:/home/antoxa/ros2_ws/install/examples_rclpy_minimal_publisher:/home/antoxa/ros2_ws/install/examples_rclpy_minimal_client:/home/antoxa/ros2_ws/install/examples_rclpy_minimal_action_server:/home/antoxa/ros2_ws/install/examples_rclpy_minimal_action_client:/home/antoxa/ros2_ws/install/examples_rclpy_guard_conditions:/home/antoxa/ros2_ws/install/examples_rclpy_executors:/opt/ros/jazzy DEBUGINFOD_URLS=https://debuginfod.ubuntu.com /usr/bin/cmake /home/antoxa/ros/ROS/lab2/ex09/full_name_pkg -DCMAKE_INSTALL_PREFIX=/home/antoxa/ros/ROS/lab2/ex09/install/full_name_pkg
[2.422s] DEBUG:colcon.colcon_core.event_handler.log_command:Invoking command in '/home/antoxa/ros/ROS/lab2/ex09/build/full_name_pkg': CMAKE_PREFIX_PATH=${CMAKE_PREFIX_PATH}:/home/antoxa/ros2_ws/install/launch_testing_examples:/home/antoxa/ros2_ws/install/examples_rclpy_pointcloud_publisher:/home/antoxa/ros2_ws/install/examples_rclpy_minimal_subscriber:/home/antoxa/ros2_ws/install/examples_rclpy_minimal_service:/home/antoxa/ros2_ws/install/examples_rclpy_minimal_publisher:/home/antoxa/ros2_ws/install/examples_rclpy_minimal_client:/home/antoxa/ros2_ws/install/examples_rclpy_minimal_action_server:/home/antoxa/ros2_ws/install/examples_rclpy_minimal_action_client:/home/antoxa/ros2_ws/install/examples_rclpy_guard_conditions:/home/antoxa/ros2_ws/install/examples_rclpy_executors:/opt/ros/jazzy DEBUGINFOD_URLS=https://debuginfod.ubuntu.com /usr/bin/cmake --build /home/antoxa/ros/ROS/lab2/ex09/build/full_name_pkg -- -j22 -l22
[4.021s] DEBUG:colcon.colcon_core.event_handler.log_command:Invoked command in '/home/antoxa/ros/ROS/lab2/ex09/build/full_name_pkg' returned '0': CMAKE_PREFIX_PATH=${CMAKE_PREFIX_PATH}:/home/antoxa/ros2_ws/install/launch_testing_examples:/home/antoxa/ros2_ws/install/examples_rclpy_pointcloud_publisher:/home/antoxa/ros2_ws/install/examples_rclpy_minimal_subscriber:/home/antoxa/ros2_ws/install/examples_rclpy_minimal_service:/home/antoxa/ros2_ws/install/examples_rclpy_minimal_publisher:/home/antoxa/ros2_ws/install/examples_rclpy_minimal_client:/home/antoxa/ros2_ws/install/examples_rclpy_minimal_action_server:/home/antoxa/ros2_ws/install/examples_rclpy_minimal_action_client:/home/antoxa/ros2_ws/install/examples_rclpy_guard_conditions:/home/antoxa/ros2_ws/install/examples_rclpy_executors:/opt/ros/jazzy DEBUGINFOD_URLS=https://debuginfod.ubuntu.com /usr/bin/cmake --build /home/antoxa/ros/ROS/lab2/ex09/build/full_name_pkg -- -j22 -l22
[4.029s] DEBUG:colcon.colcon_core.event_handler.log_command:Invoking command in '/home/antoxa/ros/ROS/lab2/ex09/build/full_name_pkg': CMAKE_PREFIX_PATH=${CMAKE_PREFIX_PATH}:/home/antoxa/ros2_ws/install/launch_testing_examples:/home/antoxa/ros2_ws/install/examples_rclpy_pointcloud_publisher:/home/antoxa/ros2_ws/install/examples_rclpy_minimal_subscriber:/home/antoxa/ros2_ws/install/examples_rclpy_minimal_service:/home/antoxa/ros2_ws/install/examples_rclpy_minimal_publisher:/home/antoxa/ros2_ws/install/examples_rclpy_minimal_client:/home/antoxa/ros2_ws/install/examples_rclpy_minimal_action_server:/home/antoxa/ros2_ws/install/examples_rclpy_minimal_action_client:/home/antoxa/ros2_ws/install/examples_rclpy_guard_conditions:/home/antoxa/ros2_ws/install/examples_rclpy_executors:/opt/ros/jazzy DEBUGINFOD_URLS=https://debuginfod.ubuntu.com /usr/bin/cmake --install /home/antoxa/ros/ROS/lab2/ex09/build/full_name_pkg
[4.080s] Level 1:colcon.colcon_core.environment:create_environment_scripts_only(full_name_pkg)
[4.080s] DEBUG:colcon.colcon_core.event_handler.log_command:Invoked command in '/home/antoxa/ros/ROS/lab2/ex09/build/full_name_pkg' returned '0': CMAKE_PREFIX_PATH=${CMAKE_PREFIX_PATH}:/home/antoxa/ros2_ws/install/launch_testing_examples:/home/antoxa/ros2_ws/install/examples_rclpy_pointcloud_publisher:/home/antoxa/ros2_ws/install/examples_rclpy_minimal_subscriber:/home/antoxa/ros2_ws/install/examples_rclpy_minimal_service:/home/antoxa/ros2_ws/install/examples_rclpy_minimal_publisher:/home/antoxa/ros2_ws/install/examples_rclpy_minimal_client:/home/antoxa/ros2_ws/install/examples_rclpy_minimal_action_server:/home/antoxa/ros2_ws/install/examples_rclpy_minimal_action_client:/home/antoxa/ros2_ws/install/examples_rclpy_guard_conditions:/home/antoxa/ros2_ws/install/examples_rclpy_executors:/opt/ros/jazzy DEBUGINFOD_URLS=https://debuginfod.ubuntu.com /usr/bin/cmake --install /home/antoxa/ros/ROS/lab2/ex09/build/full_name_pkg
[4.082s] Level 1:colcon.colcon_core.environment:checking '/home/antoxa/ros/ROS/lab2/ex09/install/full_name_pkg' for CMake module files
[4.083s] Level 1:colcon.colcon_core.environment:checking '/home/antoxa/ros/ROS/lab2/ex09/install/full_name_pkg' for CMake config files
[4.083s] Level 1:colcon.colcon_core.shell:create_environment_hook('full_name_pkg', 'cmake_prefix_path')
[4.083s] INFO:colcon.colcon_core.shell:Creating environment hook '/home/antoxa/ros/ROS/lab2/ex09/install/full_name_pkg/share/full_name_pkg/hook/cmake_prefix_path.ps1'
[4.083s] INFO:colcon.colcon_core.shell:Creating environment descriptor '/home/antoxa/ros/ROS/lab2/ex09/install/full_name_pkg/share/full_name_pkg/hook/cmake_prefix_path.dsv'
[4.083s] INFO:colcon.colcon_core.shell:Creating environment hook '/home/antoxa/ros/ROS/lab2/ex09/install/full_name_pkg/share/full_name_pkg/hook/cmake_prefix_path.sh'
[4.084s] Level 1:colcon.colcon_core.environment:checking '/home/antoxa/ros/ROS/lab2/ex09/install/full_name_pkg/lib'
[4.084s] Level 1:colcon.colcon_core.shell:create_environment_hook('full_name_pkg', 'ld_library_path_lib')
[4.084s] INFO:colcon.colcon_core.shell:Creating environment hook '/home/antoxa/ros/ROS/lab2/ex09/install/full_name_pkg/share/full_name_pkg/hook/ld_library_path_lib.ps1'
[4.084s] INFO:colcon.colcon_core.shell:Creating environment descriptor '/home/antoxa/ros/ROS/lab2/ex09/install/full_name_pkg/share/full_name_pkg/hook/ld_library_path_lib.dsv'
[4.084s] INFO:colcon.colcon_core.shell:Creating environment hook '/home/antoxa/ros/ROS/lab2/ex09/install/full_name_pkg/share/full_name_pkg/hook/ld_library_path_lib.sh'
[4.085s] Level 1:colcon.colcon_core.environment:checking '/home/antoxa/ros/ROS/lab2/ex09/install/full_name_pkg/bin'
[4.085s] Level 1:colcon.colcon_core.environment:checking '/home/antoxa/ros/ROS/lab2/ex09/install/full_name_pkg/lib/pkgconfig/full_name_pkg.pc'
[4.085s] Level 1:colcon.colcon_core.environment:checking '/home/antoxa/ros/ROS/lab2/ex09/install/full_name_pkg/lib/python3.12/site-packages'
[4.085s] Level 1:colcon.colcon_core.shell:create_environment_hook('full_name_pkg', 'pythonpath')
[4.085s] INFO:colcon.colcon_core.shell:Creating environment hook '/home/antoxa/ros/ROS/lab2/ex09/install/full_name_pkg/share/full_name_pkg/hook/pythonpath.ps1'
[4.085s] INFO:colcon.colcon_core.shell:Creating environment descriptor '/home/antoxa/ros/ROS/lab2/ex09/install/full_name_pkg/share/full_name_pkg/hook/pythonpath.dsv'
[4.085s] INFO:colcon.colcon_core.shell:Creating environment hook '/home/antoxa/ros/ROS/lab2/ex09/install/full_name_pkg/share/full_name_pkg/hook/pythonpath.sh'
[4.086s] Level 1:colcon.colcon_core.environment:checking '/home/antoxa/ros/ROS/lab2/ex09/install/full_name_pkg/bin'
[4.086s] INFO:colcon.colcon_core.shell:Creating package script '/home/antoxa/ros/ROS/lab2/ex09/install/full_name_pkg/share/full_name_pkg/package.ps1'
[4.086s] INFO:colcon.colcon_core.shell:Creating package descriptor '/home/antoxa/ros/ROS/lab2/ex09/install/full_name_pkg/share/full_name_pkg/package.dsv'
[4.086s] INFO:colcon.colcon_core.shell:Creating package script '/home/antoxa/ros/ROS/lab2/ex09/install/full_name_pkg/share/full_name_pkg/package.sh'
[4.087s] INFO:colcon.colcon_core.shell:Creating package script '/home/antoxa/ros/ROS/lab2/ex09/install/full_name_pkg/share/full_name_pkg/package.bash'
[4.087s] INFO:colcon.colcon_core.shell:Creating package script '/home/antoxa/ros/ROS/lab2/ex09/install/full_name_pkg/share/full_name_pkg/package.zsh'
[4.087s] Level 1:colcon.colcon_core.environment:create_file_with_runtime_dependencies(/home/antoxa/ros/ROS/lab2/ex09/install/full_name_pkg/share/colcon-core/packages/full_name_pkg)
[4.088s] Level 1:colcon.colcon_core.environment:create_environment_scripts_only(full_name_pkg)
[4.088s] Level 1:colcon.colcon_core.environment:checking '/home/antoxa/ros/ROS/lab2/ex09/install/full_name_pkg' for CMake module files
[4.088s] Level 1:colcon.colcon_core.environment:checking '/home/antoxa/ros/ROS/lab2/ex09/install/full_name_pkg' for CMake config files
[4.088s] Level 1:colcon.colcon_core.shell:create_environment_hook('full_name_pkg', 'cmake_prefix_path')
[4.088s] INFO:colcon.colcon_core.shell:Creating environment hook '/home/antoxa/ros/ROS/lab2/ex09/install/full_name_pkg/share/full_name_pkg/hook/cmake_prefix_path.ps1'
[4.089s] INFO:colcon.colcon_core.shell:Creating environment descriptor '/home/antoxa/ros/ROS/lab2/ex09/install/full_name_pkg/share/full_name_pkg/hook/cmake_prefix_path.dsv'
[4.089s] INFO:colcon.colcon_core.shell:Creating environment hook '/home/antoxa/ros/ROS/lab2/ex09/install/full_name_pkg/share/full_name_pkg/hook/cmake_prefix_path.sh'
[4.089s] Level 1:colcon.colcon_core.environment:checking '/home/antoxa/ros/ROS/lab2/ex09/install/full_name_pkg/lib'
[4.089s] Level 1:colcon.colcon_core.shell:create_environment_hook('full_name_pkg', 'ld_library_path_lib')
[4.089s] INFO:colcon.colcon_core.shell:Creating environment hook '/home/antoxa/ros/ROS/lab2/ex09/install/full_name_pkg/share/full_name_pkg/hook/ld_library_path_lib.ps1'
[4.089s] INFO:colcon.colcon_core.shell:Creating environment descriptor '/home/antoxa/ros/ROS/lab2/ex09/install/full_name_pkg/share/full_name_pkg/hook/ld_library_path_lib.dsv'
[4.089s] INFO:colcon.colcon_core.shell:Creating environment hook '/home/antoxa/ros/ROS/lab2/ex09/install/full_name_pkg/share/full_name_pkg/hook/ld_library_path_lib.sh'
[4.090s] Level 1:colcon.colcon_core.environment:checking '/home/antoxa/ros/ROS/lab2/ex09/install/full_name_pkg/bin'
[4.090s] Level 1:colcon.colcon_core.environment:checking '/home/antoxa/ros/ROS/lab2/ex09/install/full_name_pkg/lib/pkgconfig/full_name_pkg.pc'
[4.090s] Level 1:colcon.colcon_core.environment:checking '/home/antoxa/ros/ROS/lab2/ex09/install/full_name_pkg/lib/python3.12/site-packages'
[4.090s] Level 1:colcon.colcon_core.shell:create_environment_hook('full_name_pkg', 'pythonpath')
[4.090s] INFO:colcon.colcon_core.shell:Creating environment hook '/home/antoxa/ros/ROS/lab2/ex09/install/full_name_pkg/share/full_name_pkg/hook/pythonpath.ps1'
[4.090s] INFO:colcon.colcon_core.shell:Creating environment descriptor '/home/antoxa/ros/ROS/lab2/ex09/install/full_name_pkg/share/full_name_pkg/hook/pythonpath.dsv'
[4.090s] INFO:colcon.colcon_core.shell:Creating environment hook '/home/antoxa/ros/ROS/lab2/ex09/install/full_name_pkg/share/full_name_pkg/hook/pythonpath.sh'
[4.091s] Level 1:colcon.colcon_core.environment:checking '/home/antoxa/ros/ROS/lab2/ex09/install/full_name_pkg/bin'
[4.091s] INFO:colcon.colcon_core.shell:Creating package script '/home/antoxa/ros/ROS/lab2/ex09/install/full_name_pkg/share/full_name_pkg/package.ps1'
[4.091s] INFO:colcon.colcon_core.shell:Creating package descriptor '/home/antoxa/ros/ROS/lab2/ex09/install/full_name_pkg/share/full_name_pkg/package.dsv'
[4.091s] INFO:colcon.colcon_core.shell:Creating package script '/home/antoxa/ros/ROS/lab2/ex09/install/full_name_pkg/share/full_name_pkg/package.sh'
[4.092s] INFO:colcon.colcon_core.shell:Creating package script '/home/antoxa/ros/ROS/lab2/ex09/install/full_name_pkg/share/full_name_pkg/package.bash'
[4.092s] INFO:colcon.colcon_core.shell:Creating package script '/home/antoxa/ros/ROS/lab2/ex09/install/full_name_pkg/share/full_name_pkg/package.zsh'
[4.092s] Level 1:colcon.colcon_core.environment:create_file_with_runtime_dependencies(/home/antoxa/ros/ROS/lab2/ex09/install/full_name_pkg/share/colcon-core/packages/full_name_pkg)
[4.092s] DEBUG:colcon.colcon_parallel_executor.executor.parallel:closing loop
[4.092s] DEBUG:colcon.colcon_parallel_executor.executor.parallel:loop closed
[4.092s] DEBUG:colcon.colcon_parallel_executor.executor.parallel:run_until_complete finished with '0'
[4.092s] DEBUG:colcon.colcon_core.event_reactor:joining thread
[4.096s] INFO:colcon.colcon_core.plugin_system:Skipping extension 'colcon_notification.desktop_notification.terminal_notifier': Not used on non-Darwin systems
[4.096s] INFO:colcon.colcon_core.plugin_system:Skipping extension 'colcon_notification.desktop_notification.win32': Not used on non-Windows systems
[4.096s] INFO:colcon.colcon_notification.desktop_notification:Sending desktop notification using 'notify2'
[4.108s] DEBUG:colcon.colcon_core.event_reactor:joined thread
[4.108s] INFO:colcon.colcon_core.shell:Creating prefix script '/home/antoxa/ros/ROS/lab2/ex09/install/local_setup.ps1'
[4.109s] INFO:colcon.colcon_core.shell:Creating prefix util module '/home/antoxa/ros/ROS/lab2/ex09/install/_local_setup_util_ps1.py'
[4.109s] INFO:colcon.colcon_core.shell:Creating prefix chain script '/home/antoxa/ros/ROS/lab2/ex09/install/setup.ps1'
[4.110s] INFO:colcon.colcon_core.shell:Creating prefix script '/home/antoxa/ros/ROS/lab2/ex09/install/local_setup.sh'
[4.110s] INFO:colcon.colcon_core.shell:Creating prefix util module '/home/antoxa/ros/ROS/lab2/ex09/install/_local_setup_util_sh.py'
[4.110s] INFO:colcon.colcon_core.shell:Creating prefix chain script '/home/antoxa/ros/ROS/lab2/ex09/install/setup.sh'
[4.111s] INFO:colcon.colcon_core.shell:Creating prefix script '/home/antoxa/ros/ROS/lab2/ex09/install/local_setup.bash'
[4.111s] INFO:colcon.colcon_core.shell:Creating prefix chain script '/home/antoxa/ros/ROS/lab2/ex09/install/setup.bash'
[4.112s] INFO:colcon.colcon_core.shell:Creating prefix script '/home/antoxa/ros/ROS/lab2/ex09/install/local_setup.zsh'
[4.112s] INFO:colcon.colcon_core.shell:Creating prefix chain script '/home/antoxa/ros/ROS/lab2/ex09/install/setup.zsh'
