-- The C compiler identification is GNU 13.3.0
-- The CXX compiler identification is GNU 13.3.0
-- Detecting C compiler ABI info
-- Detecting C compiler ABI info - done
-- Check for working C compiler: /usr/bin/cc - skipped
-- Detecting C compile features
-- Detecting C compile features - done
-- Detecting CXX compiler ABI info
-- Detecting CXX compiler ABI info - done
-- Check for working CXX compiler: /usr/bin/c++ - skipped
-- Detecting CXX compile features
-- Detecting CXX compile features - done
-- Found ament_cmake: 2.5.4 (/opt/ros/jazzy/share/ament_cmake/cmake)
-- Found Python3: /usr/bin/python3 (found version "3.12.3") found components: Interpreter 
-- Found ament_lint_auto: 0.17.3 (/opt/ros/jazzy/share/ament_lint_auto/cmake)
-- Found geometry_msgs: 5.3.6 (/opt/ros/jazzy/share/geometry_msgs/cmake)
-- Found rosidl_generator_c: 4.6.6 (/opt/ros/jazzy/share/rosidl_generator_c/cmake)
-- Found rosidl_generator_cpp: 4.6.6 (/opt/ros/jazzy/share/rosidl_generator_cpp/cmake)
-- Using all available rosidl_typesupport_c: rosidl_typesupport_fastrtps_c;rosidl_typesupport_introspection_c
-- Using all available rosidl_typesupport_cpp: rosidl_typesupport_fastrtps_cpp;rosidl_typesupport_introspection_cpp
-- Found rosidl_default_generators: 1.6.0 (/opt/ros/jazzy/share/rosidl_default_generators/cmake)
-- Found rosidl_adapter: 4.6.6 (/opt/ros/jazzy/share/rosidl_adapter/cmake)
-- Found ament_cmake_ros: 0.12.0 (/opt/ros/jazzy/share/ament_cmake_ros/cmake)
-- Using all available rosidl_typesupport_c: rosidl_typesupport_fastrtps_c;rosidl_typesupport_introspection_c
-- Using all available rosidl_typesupport_cpp: rosidl_typesupport_fastrtps_cpp;rosidl_typesupport_introspection_cpp
-- Found python_cmake_module: 0.11.1 (/opt/ros/jazzy/share/python_cmake_module/cmake)
-- Found PythonExtra: /usr/bin/python3  
-- Found Python3: /usr/bin/python3 (found version "3.12.3") found components: Interpreter Development NumPy Development.Module Development.Embed 
-- Added test 'lint_cmake' to check CMake code style
-- Added test 'xmllint' to check XML markup files
-- Configuring done (2.2s)
-- Generating done (0.0s)
-- Build files have been written to: /home/antoxa/ros/ROS/lab2/ex09/build/full_name_pkg
[  2%] [34m[1mGenerating type hashes for ROS interfaces[0m
[  2%] Built target ament_cmake_python_copy_full_name_pkg
[  2%] Built target full_name_pkg__rosidl_generator_type_description
[  4%] [34m[1mGenerating C code for ROS interfaces[0m
running egg_info
creating full_name_pkg.egg-info
[  6%] [34m[1mGenerating C++ code for ROS interfaces[0m
writing full_name_pkg.egg-info/PKG-INFO
writing dependency_links to full_name_pkg.egg-info/dependency_links.txt
writing top-level names to full_name_pkg.egg-info/top_level.txt
writing manifest file 'full_name_pkg.egg-info/SOURCES.txt'
reading manifest file 'full_name_pkg.egg-info/SOURCES.txt'
writing manifest file 'full_name_pkg.egg-info/SOURCES.txt'
[  6%] Built target ament_cmake_python_build_full_name_pkg_egg
[  6%] Built target full_name_pkg__cpp
[ 13%] [32mBuilding C object CMakeFiles/full_name_pkg__rosidl_generator_c.dir/rosidl_generator_c/full_name_pkg/srv/detail/full_name_sum_service__description.c.o[0m
[ 13%] [32mBuilding C object CMakeFiles/full_name_pkg__rosidl_generator_c.dir/rosidl_generator_c/full_name_pkg/msg/detail/full_name_message__description.c.o[0m
[ 13%] [32mBuilding C object CMakeFiles/full_name_pkg__rosidl_generator_c.dir/rosidl_generator_c/full_name_pkg/msg/detail/full_name_message__functions.c.o[0m
[ 15%] [32mBuilding C object CMakeFiles/full_name_pkg__rosidl_generator_c.dir/rosidl_generator_c/full_name_pkg/srv/detail/full_name_sum_service__functions.c.o[0m
[ 18%] [32mBuilding C object CMakeFiles/full_name_pkg__rosidl_generator_c.dir/rosidl_generator_c/full_name_pkg/srv/detail/full_name_sum_service__type_support.c.o[0m
[ 20%] [32mBuilding C object CMakeFiles/full_name_pkg__rosidl_generator_c.dir/rosidl_generator_c/full_name_pkg/msg/detail/full_name_message__type_support.c.o[0m
[ 22%] [32m[1mLinking C shared library libfull_name_pkg__rosidl_generator_c.so[0m
[ 22%] Built target full_name_pkg__rosidl_generator_c
[ 25%] [34m[1mGenerating C type support for eProsima Fast-RTPS[0m
[ 27%] [34m[1mGenerating C introspection for ROS interfaces[0m
[ 29%] [34m[1mGenerating C++ type support for eProsima Fast-RTPS[0m
[ 34%] [34m[1mGenerating C type support dispatch for ROS interfaces[0m
[ 34%] [34m[1mGenerating C++ type support dispatch for ROS interfaces[0m
[ 36%] [34m[1mGenerating C++ introspection for ROS interfaces[0m
[ 38%] [32mBuilding CXX object CMakeFiles/full_name_pkg__rosidl_typesupport_c.dir/rosidl_typesupport_c/full_name_pkg/srv/full_name_sum_service__type_support.cpp.o[0m
[ 40%] [32mBuilding CXX object CMakeFiles/full_name_pkg__rosidl_typesupport_c.dir/rosidl_typesupport_c/full_name_pkg/msg/full_name_message__type_support.cpp.o[0m
[ 43%] [32mBuilding CXX object CMakeFiles/full_name_pkg__rosidl_typesupport_cpp.dir/rosidl_typesupport_cpp/full_name_pkg/srv/full_name_sum_service__type_support.cpp.o[0m
[ 45%] [32mBuilding CXX object CMakeFiles/full_name_pkg__rosidl_typesupport_cpp.dir/rosidl_typesupport_cpp/full_name_pkg/msg/full_name_message__type_support.cpp.o[0m
[ 50%] [32mBuilding C object CMakeFiles/full_name_pkg__rosidl_typesupport_introspection_c.dir/rosidl_typesupport_introspection_c/full_name_pkg/msg/detail/full_name_message__type_support.c.o[0m
[ 50%] [32mBuilding C object CMakeFiles/full_name_pkg__rosidl_typesupport_introspection_c.dir/rosidl_typesupport_introspection_c/full_name_pkg/srv/detail/full_name_sum_service__type_support.c.o[0m
[ 52%] [32mBuilding CXX object CMakeFiles/full_name_pkg__rosidl_typesupport_introspection_cpp.dir/rosidl_typesupport_introspection_cpp/full_name_pkg/msg/detail/full_name_message__type_support.cpp.o[0m
[ 54%] [32mBuilding CXX object CMakeFiles/full_name_pkg__rosidl_typesupport_introspection_cpp.dir/rosidl_typesupport_introspection_cpp/full_name_pkg/srv/detail/full_name_sum_service__type_support.cpp.o[0m
[ 56%] [32mBuilding CXX object CMakeFiles/full_name_pkg__rosidl_typesupport_fastrtps_cpp.dir/rosidl_typesupport_fastrtps_cpp/full_name_pkg/msg/detail/dds_fastrtps/full_name_message__type_support.cpp.o[0m
[ 59%] [32mBuilding CXX object CMakeFiles/full_name_pkg__rosidl_typesupport_fastrtps_cpp.dir/rosidl_typesupport_fastrtps_cpp/full_name_pkg/srv/detail/dds_fastrtps/full_name_sum_service__type_support.cpp.o[0m
[ 61%] [32m[1mLinking CXX shared library libfull_name_pkg__rosidl_typesupport_c.so[0m
[ 63%] [32m[1mLinking C shared library libfull_name_pkg__rosidl_typesupport_introspection_c.so[0m
[ 65%] [32mBuilding CXX object CMakeFiles/full_name_pkg__rosidl_typesupport_fastrtps_c.dir/rosidl_typesupport_fastrtps_c/full_name_pkg/msg/detail/full_name_message__type_support_c.cpp.o[0m
[ 68%] [32mBuilding CXX object CMakeFiles/full_name_pkg__rosidl_typesupport_fastrtps_c.dir/rosidl_typesupport_fastrtps_c/full_name_pkg/srv/detail/full_name_sum_service__type_support_c.cpp.o[0m
[ 68%] Built target full_name_pkg__rosidl_typesupport_c
[ 68%] Built target full_name_pkg__rosidl_typesupport_introspection_c
[ 70%] [32m[1mLinking CXX shared library libfull_name_pkg__rosidl_typesupport_cpp.so[0m
[ 70%] Built target full_name_pkg__rosidl_typesupport_cpp
[ 72%] [32m[1mLinking CXX shared library libfull_name_pkg__rosidl_typesupport_introspection_cpp.so[0m
[ 75%] [32m[1mLinking CXX shared library libfull_name_pkg__rosidl_typesupport_fastrtps_cpp.so[0m
[ 77%] [32m[1mLinking CXX shared library libfull_name_pkg__rosidl_typesupport_fastrtps_c.so[0m
[ 77%] Built target full_name_pkg__rosidl_typesupport_introspection_cpp
[ 77%] Built target full_name_pkg__rosidl_typesupport_fastrtps_cpp
[ 77%] Built target full_name_pkg__rosidl_typesupport_fastrtps_c
[ 77%] Built target full_name_pkg
[ 79%] [34m[1mGenerating Python code for ROS interfaces[0m
[ 79%] Built target full_name_pkg__py
[ 81%] [32mBuilding C object CMakeFiles/full_name_pkg__rosidl_generator_py.dir/rosidl_generator_py/full_name_pkg/msg/_full_name_message_s.c.o[0m
[ 84%] [32mBuilding C object CMakeFiles/full_name_pkg__rosidl_generator_py.dir/rosidl_generator_py/full_name_pkg/srv/_full_name_sum_service_s.c.o[0m
[ 86%] [32m[1mLinking C shared library libfull_name_pkg__rosidl_generator_py.so[0m
[ 86%] Built target full_name_pkg__rosidl_generator_py
[ 88%] [32mBuilding C object CMakeFiles/full_name_pkg_s__rosidl_typesupport_fastrtps_c.dir/rosidl_generator_py/full_name_pkg/_full_name_pkg_s.ep.rosidl_typesupport_fastrtps_c.c.o[0m
[ 90%] [32mBuilding C object CMakeFiles/full_name_pkg_s__rosidl_typesupport_introspection_c.dir/rosidl_generator_py/full_name_pkg/_full_name_pkg_s.ep.rosidl_typesupport_introspection_c.c.o[0m
[ 93%] [32mBuilding C object CMakeFiles/full_name_pkg_s__rosidl_typesupport_c.dir/rosidl_generator_py/full_name_pkg/_full_name_pkg_s.ep.rosidl_typesupport_c.c.o[0m
[ 95%] [32m[1mLinking C shared module rosidl_generator_py/full_name_pkg/full_name_pkg_s__rosidl_typesupport_fastrtps_c.so[0m
[100%] [32m[1mLinking C shared module rosidl_generator_py/full_name_pkg/full_name_pkg_s__rosidl_typesupport_introspection_c.so[0m
[100%] [32m[1mLinking C shared module rosidl_generator_py/full_name_pkg/full_name_pkg_s__rosidl_typesupport_c.so[0m
[100%] Built target full_name_pkg_s__rosidl_typesupport_fastrtps_c
[100%] Built target full_name_pkg_s__rosidl_typesupport_c
[100%] Built target full_name_pkg_s__rosidl_typesupport_introspection_c
-- Install configuration: ""
-- Installing: /home/antoxa/ros/ROS/lab2/ex09/install/full_name_pkg/share/ament_index/resource_index/rosidl_interfaces/full_name_pkg
-- Installing: /home/antoxa/ros/ROS/lab2/ex09/install/full_name_pkg/share/full_name_pkg/msg/FullNameMessage.json
-- Installing: /home/antoxa/ros/ROS/lab2/ex09/install/full_name_pkg/share/full_name_pkg/srv/FullNameSumService.json
-- Installing: /home/antoxa/ros/ROS/lab2/ex09/install/full_name_pkg/include/full_name_pkg/full_name_pkg
-- Installing: /home/antoxa/ros/ROS/lab2/ex09/install/full_name_pkg/include/full_name_pkg/full_name_pkg/srv
-- Installing: /home/antoxa/ros/ROS/lab2/ex09/install/full_name_pkg/include/full_name_pkg/full_name_pkg/srv/full_name_sum_service.h
-- Installing: /home/antoxa/ros/ROS/lab2/ex09/install/full_name_pkg/include/full_name_pkg/full_name_pkg/srv/detail
-- Installing: /home/antoxa/ros/ROS/lab2/ex09/install/full_name_pkg/include/full_name_pkg/full_name_pkg/srv/detail/full_name_sum_service__description.c
-- Installing: /home/antoxa/ros/ROS/lab2/ex09/install/full_name_pkg/include/full_name_pkg/full_name_pkg/srv/detail/full_name_sum_service__struct.h
-- Installing: /home/antoxa/ros/ROS/lab2/ex09/install/full_name_pkg/include/full_name_pkg/full_name_pkg/srv/detail/full_name_sum_service__functions.h
-- Installing: /home/antoxa/ros/ROS/lab2/ex09/install/full_name_pkg/include/full_name_pkg/full_name_pkg/srv/detail/full_name_sum_service__type_support.c
-- Installing: /home/antoxa/ros/ROS/lab2/ex09/install/full_name_pkg/include/full_name_pkg/full_name_pkg/srv/detail/full_name_sum_service__functions.c
-- Installing: /home/antoxa/ros/ROS/lab2/ex09/install/full_name_pkg/include/full_name_pkg/full_name_pkg/srv/detail/full_name_sum_service__type_support.h
-- Installing: /home/antoxa/ros/ROS/lab2/ex09/install/full_name_pkg/include/full_name_pkg/full_name_pkg/msg
-- Installing: /home/antoxa/ros/ROS/lab2/ex09/install/full_name_pkg/include/full_name_pkg/full_name_pkg/msg/detail
-- Installing: /home/antoxa/ros/ROS/lab2/ex09/install/full_name_pkg/include/full_name_pkg/full_name_pkg/msg/detail/full_name_message__functions.h
-- Installing: /home/antoxa/ros/ROS/lab2/ex09/install/full_name_pkg/include/full_name_pkg/full_name_pkg/msg/detail/full_name_message__type_support.h
-- Installing: /home/antoxa/ros/ROS/lab2/ex09/install/full_name_pkg/include/full_name_pkg/full_name_pkg/msg/detail/full_name_message__description.c
-- Installing: /home/antoxa/ros/ROS/lab2/ex09/install/full_name_pkg/include/full_name_pkg/full_name_pkg/msg/detail/full_name_message__functions.c
-- Installing: /home/antoxa/ros/ROS/lab2/ex09/install/full_name_pkg/include/full_name_pkg/full_name_pkg/msg/detail/full_name_message__type_support.c
-- Installing: /home/antoxa/ros/ROS/lab2/ex09/install/full_name_pkg/include/full_name_pkg/full_name_pkg/msg/detail/full_name_message__struct.h
-- Installing: /home/antoxa/ros/ROS/lab2/ex09/install/full_name_pkg/include/full_name_pkg/full_name_pkg/msg/rosidl_generator_c__visibility_control.h
-- Installing: /home/antoxa/ros/ROS/lab2/ex09/install/full_name_pkg/include/full_name_pkg/full_name_pkg/msg/full_name_message.h
-- Installing: /home/antoxa/ros/ROS/lab2/ex09/install/full_name_pkg/share/full_name_pkg/environment/library_path.sh
-- Installing: /home/antoxa/ros/ROS/lab2/ex09/install/full_name_pkg/share/full_name_pkg/environment/library_path.dsv
-- Installing: /home/antoxa/ros/ROS/lab2/ex09/install/full_name_pkg/lib/libfull_name_pkg__rosidl_generator_c.so
-- Set non-toolchain portion of runtime path of "/home/antoxa/ros/ROS/lab2/ex09/install/full_name_pkg/lib/libfull_name_pkg__rosidl_generator_c.so" to ""
-- Up-to-date: /home/antoxa/ros/ROS/lab2/ex09/install/full_name_pkg/include/full_name_pkg/full_name_pkg
-- Up-to-date: /home/antoxa/ros/ROS/lab2/ex09/install/full_name_pkg/include/full_name_pkg/full_name_pkg/srv
-- Up-to-date: /home/antoxa/ros/ROS/lab2/ex09/install/full_name_pkg/include/full_name_pkg/full_name_pkg/srv/detail
-- Installing: /home/antoxa/ros/ROS/lab2/ex09/install/full_name_pkg/include/full_name_pkg/full_name_pkg/srv/detail/full_name_sum_service__rosidl_typesupport_fastrtps_c.h
-- Up-to-date: /home/antoxa/ros/ROS/lab2/ex09/install/full_name_pkg/include/full_name_pkg/full_name_pkg/msg
-- Up-to-date: /home/antoxa/ros/ROS/lab2/ex09/install/full_name_pkg/include/full_name_pkg/full_name_pkg/msg/detail
-- Installing: /home/antoxa/ros/ROS/lab2/ex09/install/full_name_pkg/include/full_name_pkg/full_name_pkg/msg/detail/full_name_message__rosidl_typesupport_fastrtps_c.h
-- Installing: /home/antoxa/ros/ROS/lab2/ex09/install/full_name_pkg/include/full_name_pkg/full_name_pkg/msg/rosidl_typesupport_fastrtps_c__visibility_control.h
-- Installing: /home/antoxa/ros/ROS/lab2/ex09/install/full_name_pkg/lib/libfull_name_pkg__rosidl_typesupport_fastrtps_c.so
-- Set non-toolchain portion of runtime path of "/home/antoxa/ros/ROS/lab2/ex09/install/full_name_pkg/lib/libfull_name_pkg__rosidl_typesupport_fastrtps_c.so" to ""
-- Up-to-date: /home/antoxa/ros/ROS/lab2/ex09/install/full_name_pkg/include/full_name_pkg/full_name_pkg
-- Up-to-date: /home/antoxa/ros/ROS/lab2/ex09/install/full_name_pkg/include/full_name_pkg/full_name_pkg/srv
-- Up-to-date: /home/antoxa/ros/ROS/lab2/ex09/install/full_name_pkg/include/full_name_pkg/full_name_pkg/srv/detail
-- Installing: /home/antoxa/ros/ROS/lab2/ex09/install/full_name_pkg/include/full_name_pkg/full_name_pkg/srv/detail/full_name_sum_service__builder.hpp
-- Installing: /home/antoxa/ros/ROS/lab2/ex09/install/full_name_pkg/include/full_name_pkg/full_name_pkg/srv/detail/full_name_sum_service__struct.hpp
-- Installing: /home/antoxa/ros/ROS/lab2/ex09/install/full_name_pkg/include/full_name_pkg/full_name_pkg/srv/detail/full_name_sum_service__type_support.hpp
-- Installing: /home/antoxa/ros/ROS/lab2/ex09/install/full_name_pkg/include/full_name_pkg/full_name_pkg/srv/detail/full_name_sum_service__traits.hpp
-- Installing: /home/antoxa/ros/ROS/lab2/ex09/install/full_name_pkg/include/full_name_pkg/full_name_pkg/srv/full_name_sum_service.hpp
-- Up-to-date: /home/antoxa/ros/ROS/lab2/ex09/install/full_name_pkg/include/full_name_pkg/full_name_pkg/msg
-- Up-to-date: /home/antoxa/ros/ROS/lab2/ex09/install/full_name_pkg/include/full_name_pkg/full_name_pkg/msg/detail
-- Installing: /home/antoxa/ros/ROS/lab2/ex09/install/full_name_pkg/include/full_name_pkg/full_name_pkg/msg/detail/full_name_message__type_support.hpp
-- Installing: /home/antoxa/ros/ROS/lab2/ex09/install/full_name_pkg/include/full_name_pkg/full_name_pkg/msg/detail/full_name_message__struct.hpp
-- Installing: /home/antoxa/ros/ROS/lab2/ex09/install/full_name_pkg/include/full_name_pkg/full_name_pkg/msg/detail/full_name_message__builder.hpp
-- Installing: /home/antoxa/ros/ROS/lab2/ex09/install/full_name_pkg/include/full_name_pkg/full_name_pkg/msg/detail/full_name_message__traits.hpp
-- Installing: /home/antoxa/ros/ROS/lab2/ex09/install/full_name_pkg/include/full_name_pkg/full_name_pkg/msg/rosidl_generator_cpp__visibility_control.hpp
-- Installing: /home/antoxa/ros/ROS/lab2/ex09/install/full_name_pkg/include/full_name_pkg/full_name_pkg/msg/full_name_message.hpp
-- Up-to-date: /home/antoxa/ros/ROS/lab2/ex09/install/full_name_pkg/include/full_name_pkg/full_name_pkg
-- Up-to-date: /home/antoxa/ros/ROS/lab2/ex09/install/full_name_pkg/include/full_name_pkg/full_name_pkg/srv
-- Up-to-date: /home/antoxa/ros/ROS/lab2/ex09/install/full_name_pkg/include/full_name_pkg/full_name_pkg/srv/detail
-- Installing: /home/antoxa/ros/ROS/lab2/ex09/install/full_name_pkg/include/full_name_pkg/full_name_pkg/srv/detail/full_name_sum_service__rosidl_typesupport_fastrtps_cpp.hpp
-- Installing: /home/antoxa/ros/ROS/lab2/ex09/install/full_name_pkg/include/full_name_pkg/full_name_pkg/srv/detail/dds_fastrtps
-- Up-to-date: /home/antoxa/ros/ROS/lab2/ex09/install/full_name_pkg/include/full_name_pkg/full_name_pkg/msg
-- Up-to-date: /home/antoxa/ros/ROS/lab2/ex09/install/full_name_pkg/include/full_name_pkg/full_name_pkg/msg/detail
-- Installing: /home/antoxa/ros/ROS/lab2/ex09/install/full_name_pkg/include/full_name_pkg/full_name_pkg/msg/detail/full_name_message__rosidl_typesupport_fastrtps_cpp.hpp
-- Installing: /home/antoxa/ros/ROS/lab2/ex09/install/full_name_pkg/include/full_name_pkg/full_name_pkg/msg/detail/dds_fastrtps
-- Installing: /home/antoxa/ros/ROS/lab2/ex09/install/full_name_pkg/include/full_name_pkg/full_name_pkg/msg/rosidl_typesupport_fastrtps_cpp__visibility_control.h
-- Installing: /home/antoxa/ros/ROS/lab2/ex09/install/full_name_pkg/lib/libfull_name_pkg__rosidl_typesupport_fastrtps_cpp.so
-- Set non-toolchain portion of runtime path of "/home/antoxa/ros/ROS/lab2/ex09/install/full_name_pkg/lib/libfull_name_pkg__rosidl_typesupport_fastrtps_cpp.so" to ""
-- Up-to-date: /home/antoxa/ros/ROS/lab2/ex09/install/full_name_pkg/include/full_name_pkg/full_name_pkg
-- Up-to-date: /home/antoxa/ros/ROS/lab2/ex09/install/full_name_pkg/include/full_name_pkg/full_name_pkg/srv
-- Up-to-date: /home/antoxa/ros/ROS/lab2/ex09/install/full_name_pkg/include/full_name_pkg/full_name_pkg/srv/detail
-- Installing: /home/antoxa/ros/ROS/lab2/ex09/install/full_name_pkg/include/full_name_pkg/full_name_pkg/srv/detail/full_name_sum_service__rosidl_typesupport_introspection_c.h
-- Installing: /home/antoxa/ros/ROS/lab2/ex09/install/full_name_pkg/include/full_name_pkg/full_name_pkg/srv/detail/full_name_sum_service__type_support.c
-- Up-to-date: /home/antoxa/ros/ROS/lab2/ex09/install/full_name_pkg/include/full_name_pkg/full_name_pkg/msg
-- Up-to-date: /home/antoxa/ros/ROS/lab2/ex09/install/full_name_pkg/include/full_name_pkg/full_name_pkg/msg/detail
-- Installing: /home/antoxa/ros/ROS/lab2/ex09/install/full_name_pkg/include/full_name_pkg/full_name_pkg/msg/detail/full_name_message__type_support.c
-- Installing: /home/antoxa/ros/ROS/lab2/ex09/install/full_name_pkg/include/full_name_pkg/full_name_pkg/msg/detail/full_name_message__rosidl_typesupport_introspection_c.h
-- Installing: /home/antoxa/ros/ROS/lab2/ex09/install/full_name_pkg/include/full_name_pkg/full_name_pkg/msg/rosidl_typesupport_introspection_c__visibility_control.h
-- Installing: /home/antoxa/ros/ROS/lab2/ex09/install/full_name_pkg/lib/libfull_name_pkg__rosidl_typesupport_introspection_c.so
-- Set non-toolchain portion of runtime path of "/home/antoxa/ros/ROS/lab2/ex09/install/full_name_pkg/lib/libfull_name_pkg__rosidl_typesupport_introspection_c.so" to ""
-- Installing: /home/antoxa/ros/ROS/lab2/ex09/install/full_name_pkg/lib/libfull_name_pkg__rosidl_typesupport_c.so
-- Set non-toolchain portion of runtime path of "/home/antoxa/ros/ROS/lab2/ex09/install/full_name_pkg/lib/libfull_name_pkg__rosidl_typesupport_c.so" to ""
-- Up-to-date: /home/antoxa/ros/ROS/lab2/ex09/install/full_name_pkg/include/full_name_pkg/full_name_pkg
-- Up-to-date: /home/antoxa/ros/ROS/lab2/ex09/install/full_name_pkg/include/full_name_pkg/full_name_pkg/srv
-- Up-to-date: /home/antoxa/ros/ROS/lab2/ex09/install/full_name_pkg/include/full_name_pkg/full_name_pkg/srv/detail
-- Installing: /home/antoxa/ros/ROS/lab2/ex09/install/full_name_pkg/include/full_name_pkg/full_name_pkg/srv/detail/full_name_sum_service__type_support.cpp
-- Installing: /home/antoxa/ros/ROS/lab2/ex09/install/full_name_pkg/include/full_name_pkg/full_name_pkg/srv/detail/full_name_sum_service__rosidl_typesupport_introspection_cpp.hpp
-- Up-to-date: /home/antoxa/ros/ROS/lab2/ex09/install/full_name_pkg/include/full_name_pkg/full_name_pkg/msg
-- Up-to-date: /home/antoxa/ros/ROS/lab2/ex09/install/full_name_pkg/include/full_name_pkg/full_name_pkg/msg/detail
-- Installing: /home/antoxa/ros/ROS/lab2/ex09/install/full_name_pkg/include/full_name_pkg/full_name_pkg/msg/detail/full_name_message__rosidl_typesupport_introspection_cpp.hpp
-- Installing: /home/antoxa/ros/ROS/lab2/ex09/install/full_name_pkg/include/full_name_pkg/full_name_pkg/msg/detail/full_name_message__type_support.cpp
-- Installing: /home/antoxa/ros/ROS/lab2/ex09/install/full_name_pkg/lib/libfull_name_pkg__rosidl_typesupport_introspection_cpp.so
-- Set non-toolchain portion of runtime path of "/home/antoxa/ros/ROS/lab2/ex09/install/full_name_pkg/lib/libfull_name_pkg__rosidl_typesupport_introspection_cpp.so" to ""
-- Installing: /home/antoxa/ros/ROS/lab2/ex09/install/full_name_pkg/lib/libfull_name_pkg__rosidl_typesupport_cpp.so
-- Set non-toolchain portion of runtime path of "/home/antoxa/ros/ROS/lab2/ex09/install/full_name_pkg/lib/libfull_name_pkg__rosidl_typesupport_cpp.so" to ""
-- Installing: /home/antoxa/ros/ROS/lab2/ex09/install/full_name_pkg/share/full_name_pkg/environment/pythonpath.sh
-- Installing: /home/antoxa/ros/ROS/lab2/ex09/install/full_name_pkg/share/full_name_pkg/environment/pythonpath.dsv
-- Installing: /home/antoxa/ros/ROS/lab2/ex09/install/full_name_pkg/lib/python3.12/site-packages/full_name_pkg-0.0.0-py3.12.egg-info
-- Installing: /home/antoxa/ros/ROS/lab2/ex09/install/full_name_pkg/lib/python3.12/site-packages/full_name_pkg-0.0.0-py3.12.egg-info/dependency_links.txt
-- Installing: /home/antoxa/ros/ROS/lab2/ex09/install/full_name_pkg/lib/python3.12/site-packages/full_name_pkg-0.0.0-py3.12.egg-info/top_level.txt
-- Installing: /home/antoxa/ros/ROS/lab2/ex09/install/full_name_pkg/lib/python3.12/site-packages/full_name_pkg-0.0.0-py3.12.egg-info/PKG-INFO
-- Installing: /home/antoxa/ros/ROS/lab2/ex09/install/full_name_pkg/lib/python3.12/site-packages/full_name_pkg-0.0.0-py3.12.egg-info/SOURCES.txt
-- Installing: /home/antoxa/ros/ROS/lab2/ex09/install/full_name_pkg/lib/python3.12/site-packages/full_name_pkg
-- Installing: /home/antoxa/ros/ROS/lab2/ex09/install/full_name_pkg/lib/python3.12/site-packages/full_name_pkg/full_name_pkg_s__rosidl_typesupport_c.so
-- Installing: /home/antoxa/ros/ROS/lab2/ex09/install/full_name_pkg/lib/python3.12/site-packages/full_name_pkg/full_name_pkg_s__rosidl_typesupport_fastrtps_c.so
-- Installing: /home/antoxa/ros/ROS/lab2/ex09/install/full_name_pkg/lib/python3.12/site-packages/full_name_pkg/_full_name_pkg_s.ep.rosidl_typesupport_fastrtps_c.c
-- Installing: /home/antoxa/ros/ROS/lab2/ex09/install/full_name_pkg/lib/python3.12/site-packages/full_name_pkg/__init__.py
-- Installing: /home/antoxa/ros/ROS/lab2/ex09/install/full_name_pkg/lib/python3.12/site-packages/full_name_pkg/full_name_pkg_s__rosidl_typesupport_introspection_c.so
-- Installing: /home/antoxa/ros/ROS/lab2/ex09/install/full_name_pkg/lib/python3.12/site-packages/full_name_pkg/srv
-- Installing: /home/antoxa/ros/ROS/lab2/ex09/install/full_name_pkg/lib/python3.12/site-packages/full_name_pkg/srv/_full_name_sum_service_s.c
-- Installing: /home/antoxa/ros/ROS/lab2/ex09/install/full_name_pkg/lib/python3.12/site-packages/full_name_pkg/srv/__init__.py
-- Installing: /home/antoxa/ros/ROS/lab2/ex09/install/full_name_pkg/lib/python3.12/site-packages/full_name_pkg/srv/_full_name_sum_service.py
-- Installing: /home/antoxa/ros/ROS/lab2/ex09/install/full_name_pkg/lib/python3.12/site-packages/full_name_pkg/_full_name_pkg_s.ep.rosidl_typesupport_c.c
-- Installing: /home/antoxa/ros/ROS/lab2/ex09/install/full_name_pkg/lib/python3.12/site-packages/full_name_pkg/msg
-- Installing: /home/antoxa/ros/ROS/lab2/ex09/install/full_name_pkg/lib/python3.12/site-packages/full_name_pkg/msg/_full_name_message_s.c
-- Installing: /home/antoxa/ros/ROS/lab2/ex09/install/full_name_pkg/lib/python3.12/site-packages/full_name_pkg/msg/__init__.py
-- Installing: /home/antoxa/ros/ROS/lab2/ex09/install/full_name_pkg/lib/python3.12/site-packages/full_name_pkg/msg/_full_name_message.py
-- Installing: /home/antoxa/ros/ROS/lab2/ex09/install/full_name_pkg/lib/python3.12/site-packages/full_name_pkg/_full_name_pkg_s.ep.rosidl_typesupport_introspection_c.c
Listing '/home/antoxa/ros/ROS/lab2/ex09/install/full_name_pkg/lib/python3.12/site-packages/full_name_pkg'...
Compiling '/home/antoxa/ros/ROS/lab2/ex09/install/full_name_pkg/lib/python3.12/site-packages/full_name_pkg/__init__.py'...
Listing '/home/antoxa/ros/ROS/lab2/ex09/install/full_name_pkg/lib/python3.12/site-packages/full_name_pkg/msg'...
Compiling '/home/antoxa/ros/ROS/lab2/ex09/install/full_name_pkg/lib/python3.12/site-packages/full_name_pkg/msg/__init__.py'...
Compiling '/home/antoxa/ros/ROS/lab2/ex09/install/full_name_pkg/lib/python3.12/site-packages/full_name_pkg/msg/_full_name_message.py'...
Listing '/home/antoxa/ros/ROS/lab2/ex09/install/full_name_pkg/lib/python3.12/site-packages/full_name_pkg/srv'...
Compiling '/home/antoxa/ros/ROS/lab2/ex09/install/full_name_pkg/lib/python3.12/site-packages/full_name_pkg/srv/__init__.py'...
Compiling '/home/antoxa/ros/ROS/lab2/ex09/install/full_name_pkg/lib/python3.12/site-packages/full_name_pkg/srv/_full_name_sum_service.py'...
-- Installing: /home/antoxa/ros/ROS/lab2/ex09/install/full_name_pkg/lib/python3.12/site-packages/full_name_pkg/full_name_pkg_s__rosidl_typesupport_fastrtps_c.so
-- Set non-toolchain portion of runtime path of "/home/antoxa/ros/ROS/lab2/ex09/install/full_name_pkg/lib/python3.12/site-packages/full_name_pkg/full_name_pkg_s__rosidl_typesupport_fastrtps_c.so" to ""
-- Installing: /home/antoxa/ros/ROS/lab2/ex09/install/full_name_pkg/lib/python3.12/site-packages/full_name_pkg/full_name_pkg_s__rosidl_typesupport_introspection_c.so
-- Set non-toolchain portion of runtime path of "/home/antoxa/ros/ROS/lab2/ex09/install/full_name_pkg/lib/python3.12/site-packages/full_name_pkg/full_name_pkg_s__rosidl_typesupport_introspection_c.so" to ""
-- Installing: /home/antoxa/ros/ROS/lab2/ex09/install/full_name_pkg/lib/python3.12/site-packages/full_name_pkg/full_name_pkg_s__rosidl_typesupport_c.so
-- Set non-toolchain portion of runtime path of "/home/antoxa/ros/ROS/lab2/ex09/install/full_name_pkg/lib/python3.12/site-packages/full_name_pkg/full_name_pkg_s__rosidl_typesupport_c.so" to ""
-- Installing: /home/antoxa/ros/ROS/lab2/ex09/install/full_name_pkg/lib/libfull_name_pkg__rosidl_generator_py.so
-- Set non-toolchain portion of runtime path of "/home/antoxa/ros/ROS/lab2/ex09/install/full_name_pkg/lib/libfull_name_pkg__rosidl_generator_py.so" to ""
-- Installing: /home/antoxa/ros/ROS/lab2/ex09/install/full_name_pkg/share/full_name_pkg/msg/FullNameMessage.idl
-- Installing: /home/antoxa/ros/ROS/lab2/ex09/install/full_name_pkg/share/full_name_pkg/srv/FullNameSumService.idl
-- Installing: /home/antoxa/ros/ROS/lab2/ex09/install/full_name_pkg/share/full_name_pkg/msg/FullNameMessage.msg
-- Installing: /home/antoxa/ros/ROS/lab2/ex09/install/full_name_pkg/share/full_name_pkg/srv/FullNameSumService.srv
-- Installing: /home/antoxa/ros/ROS/lab2/ex09/install/full_name_pkg/share/ament_index/resource_index/package_run_dependencies/full_name_pkg
-- Installing: /home/antoxa/ros/ROS/lab2/ex09/install/full_name_pkg/share/ament_index/resource_index/parent_prefix_path/full_name_pkg
-- Installing: /home/antoxa/ros/ROS/lab2/ex09/install/full_name_pkg/share/full_name_pkg/environment/ament_prefix_path.sh
-- Installing: /home/antoxa/ros/ROS/lab2/ex09/install/full_name_pkg/share/full_name_pkg/environment/ament_prefix_path.dsv
-- Installing: /home/antoxa/ros/ROS/lab2/ex09/install/full_name_pkg/share/full_name_pkg/environment/path.sh
-- Installing: /home/antoxa/ros/ROS/lab2/ex09/install/full_name_pkg/share/full_name_pkg/environment/path.dsv
-- Installing: /home/antoxa/ros/ROS/lab2/ex09/install/full_name_pkg/share/full_name_pkg/local_setup.bash
-- Installing: /home/antoxa/ros/ROS/lab2/ex09/install/full_name_pkg/share/full_name_pkg/local_setup.sh
-- Installing: /home/antoxa/ros/ROS/lab2/ex09/install/full_name_pkg/share/full_name_pkg/local_setup.zsh
-- Installing: /home/antoxa/ros/ROS/lab2/ex09/install/full_name_pkg/share/full_name_pkg/local_setup.dsv
-- Installing: /home/antoxa/ros/ROS/lab2/ex09/install/full_name_pkg/share/full_name_pkg/package.dsv
-- Installing: /home/antoxa/ros/ROS/lab2/ex09/install/full_name_pkg/share/ament_index/resource_index/packages/full_name_pkg
-- Installing: /home/antoxa/ros/ROS/lab2/ex09/install/full_name_pkg/share/full_name_pkg/cmake/export_full_name_pkg__rosidl_generator_cExport.cmake
-- Installing: /home/antoxa/ros/ROS/lab2/ex09/install/full_name_pkg/share/full_name_pkg/cmake/export_full_name_pkg__rosidl_generator_cExport-noconfig.cmake
-- Installing: /home/antoxa/ros/ROS/lab2/ex09/install/full_name_pkg/share/full_name_pkg/cmake/export_full_name_pkg__rosidl_typesupport_fastrtps_cExport.cmake
-- Installing: /home/antoxa/ros/ROS/lab2/ex09/install/full_name_pkg/share/full_name_pkg/cmake/export_full_name_pkg__rosidl_typesupport_fastrtps_cExport-noconfig.cmake
-- Installing: /home/antoxa/ros/ROS/lab2/ex09/install/full_name_pkg/share/full_name_pkg/cmake/export_full_name_pkg__rosidl_generator_cppExport.cmake
-- Installing: /home/antoxa/ros/ROS/lab2/ex09/install/full_name_pkg/share/full_name_pkg/cmake/export_full_name_pkg__rosidl_typesupport_fastrtps_cppExport.cmake
-- Installing: /home/antoxa/ros/ROS/lab2/ex09/install/full_name_pkg/share/full_name_pkg/cmake/export_full_name_pkg__rosidl_typesupport_fastrtps_cppExport-noconfig.cmake
-- Installing: /home/antoxa/ros/ROS/lab2/ex09/install/full_name_pkg/share/full_name_pkg/cmake/full_name_pkg__rosidl_typesupport_introspection_cExport.cmake
-- Installing: /home/antoxa/ros/ROS/lab2/ex09/install/full_name_pkg/share/full_name_pkg/cmake/full_name_pkg__rosidl_typesupport_introspection_cExport-noconfig.cmake
-- Installing: /home/antoxa/ros/ROS/lab2/ex09/install/full_name_pkg/share/full_name_pkg/cmake/full_name_pkg__rosidl_typesupport_cExport.cmake
-- Installing: /home/antoxa/ros/ROS/lab2/ex09/install/full_name_pkg/share/full_name_pkg/cmake/full_name_pkg__rosidl_typesupport_cExport-noconfig.cmake
-- Installing: /home/antoxa/ros/ROS/lab2/ex09/install/full_name_pkg/share/full_name_pkg/cmake/full_name_pkg__rosidl_typesupport_introspection_cppExport.cmake
-- Installing: /home/antoxa/ros/ROS/lab2/ex09/install/full_name_pkg/share/full_name_pkg/cmake/full_name_pkg__rosidl_typesupport_introspection_cppExport-noconfig.cmake
-- Installing: /home/antoxa/ros/ROS/lab2/ex09/install/full_name_pkg/share/full_name_pkg/cmake/full_name_pkg__rosidl_typesupport_cppExport.cmake
-- Installing: /home/antoxa/ros/ROS/lab2/ex09/install/full_name_pkg/share/full_name_pkg/cmake/full_name_pkg__rosidl_typesupport_cppExport-noconfig.cmake
-- Installing: /home/antoxa/ros/ROS/lab2/ex09/install/full_name_pkg/share/full_name_pkg/cmake/export_full_name_pkg__rosidl_generator_pyExport.cmake
-- Installing: /home/antoxa/ros/ROS/lab2/ex09/install/full_name_pkg/share/full_name_pkg/cmake/export_full_name_pkg__rosidl_generator_pyExport-noconfig.cmake
-- Installing: /home/antoxa/ros/ROS/lab2/ex09/install/full_name_pkg/share/full_name_pkg/cmake/rosidl_cmake-extras.cmake
-- Installing: /home/antoxa/ros/ROS/lab2/ex09/install/full_name_pkg/share/full_name_pkg/cmake/ament_cmake_export_dependencies-extras.cmake
-- Installing: /home/antoxa/ros/ROS/lab2/ex09/install/full_name_pkg/share/full_name_pkg/cmake/ament_cmake_export_include_directories-extras.cmake
-- Installing: /home/antoxa/ros/ROS/lab2/ex09/install/full_name_pkg/share/full_name_pkg/cmake/ament_cmake_export_libraries-extras.cmake
-- Installing: /home/antoxa/ros/ROS/lab2/ex09/install/full_name_pkg/share/full_name_pkg/cmake/ament_cmake_export_targets-extras.cmake
-- Installing: /home/antoxa/ros/ROS/lab2/ex09/install/full_name_pkg/share/full_name_pkg/cmake/rosidl_cmake_export_typesupport_targets-extras.cmake
-- Installing: /home/antoxa/ros/ROS/lab2/ex09/install/full_name_pkg/share/full_name_pkg/cmake/rosidl_cmake_export_typesupport_libraries-extras.cmake
-- Installing: /home/antoxa/ros/ROS/lab2/ex09/install/full_name_pkg/share/full_name_pkg/cmake/full_name_pkgConfig.cmake
-- Installing: /home/antoxa/ros/ROS/lab2/ex09/install/full_name_pkg/share/full_name_pkg/cmake/full_name_pkgConfig-version.cmake
-- Installing: /home/antoxa/ros/ROS/lab2/ex09/install/full_name_pkg/share/full_name_pkg/package.xml
