[0.009s] Invoking command in '/home/antoxa/ros/ROS/lab2/ex09/build/full_name_pkg': CMAKE_PREFIX_PATH=${CMAKE_PREFIX_PATH}:/home/antoxa/ros2_ws/install/launch_testing_examples:/home/antoxa/ros2_ws/install/examples_rclpy_pointcloud_publisher:/home/antoxa/ros2_ws/install/examples_rclpy_minimal_subscriber:/home/antoxa/ros2_ws/install/examples_rclpy_minimal_service:/home/antoxa/ros2_ws/install/examples_rclpy_minimal_publisher:/home/antoxa/ros2_ws/install/examples_rclpy_minimal_client:/home/antoxa/ros2_ws/install/examples_rclpy_minimal_action_server:/home/antoxa/ros2_ws/install/examples_rclpy_minimal_action_client:/home/antoxa/ros2_ws/install/examples_rclpy_guard_conditions:/home/antoxa/ros2_ws/install/examples_rclpy_executors:/opt/ros/jazzy DEBUGINFOD_URLS=https://debuginfod.ubuntu.com /usr/bin/cmake /home/antoxa/ros/ROS/lab2/ex09/full_name_pkg -DCMAKE_INSTALL_PREFIX=/home/antoxa/ros/ROS/lab2/ex09/install/full_name_pkg
[0.057s] -- The C compiler identification is GNU 13.3.0
[0.094s] -- The CXX compiler identification is GNU 13.3.0
[0.110s] -- Detecting C compiler ABI info
[0.179s] -- Detecting C compiler ABI info - done
[0.187s] -- Check for working C compiler: /usr/bin/cc - skipped
[0.187s] -- Detecting C compile features
[0.187s] -- Detecting C compile features - done
[0.196s] -- Detecting CXX compiler ABI info
[0.272s] -- Detecting CXX compiler ABI info - done
[0.278s] -- Check for working CXX compiler: /usr/bin/c++ - skipped
[0.278s] -- Detecting CXX compile features
[0.278s] -- Detecting CXX compile features - done
[0.280s] -- Found ament_cmake: 2.5.4 (/opt/ros/jazzy/share/ament_cmake/cmake)
[0.387s] -- Found Python3: /usr/bin/python3 (found version "3.12.3") found components: Interpreter 
[0.460s] -- Found ament_lint_auto: 0.17.3 (/opt/ros/jazzy/share/ament_lint_auto/cmake)
[0.533s] -- Found geometry_msgs: 5.3.6 (/opt/ros/jazzy/share/geometry_msgs/cmake)
[0.559s] -- Found rosidl_generator_c: 4.6.6 (/opt/ros/jazzy/share/rosidl_generator_c/cmake)
[0.567s] -- Found rosidl_generator_cpp: 4.6.6 (/opt/ros/jazzy/share/rosidl_generator_cpp/cmake)
[0.577s] -- Using all available rosidl_typesupport_c: rosidl_typesupport_fastrtps_c;rosidl_typesupport_introspection_c
[0.589s] -- Using all available rosidl_typesupport_cpp: rosidl_typesupport_fastrtps_cpp;rosidl_typesupport_introspection_cpp
[0.618s] -- Found rosidl_default_generators: 1.6.0 (/opt/ros/jazzy/share/rosidl_default_generators/cmake)
[0.627s] -- Found rosidl_adapter: 4.6.6 (/opt/ros/jazzy/share/rosidl_adapter/cmake)
[1.014s] -- Found ament_cmake_ros: 0.12.0 (/opt/ros/jazzy/share/ament_cmake_ros/cmake)
[1.553s] -- Using all available rosidl_typesupport_c: rosidl_typesupport_fastrtps_c;rosidl_typesupport_introspection_c
[1.772s] -- Using all available rosidl_typesupport_cpp: rosidl_typesupport_fastrtps_cpp;rosidl_typesupport_introspection_cpp
[1.774s] -- Found python_cmake_module: 0.11.1 (/opt/ros/jazzy/share/python_cmake_module/cmake)
[1.886s] -- Found PythonExtra: /usr/bin/python3  
[2.209s] -- Found Python3: /usr/bin/python3 (found version "3.12.3") found components: Interpreter Development NumPy Development.Module Development.Embed 
[2.242s] -- Added test 'lint_cmake' to check CMake code style
[2.242s] -- Added test 'xmllint' to check XML markup files
[2.245s] -- Configuring done (2.2s)
[2.263s] -- Generating done (0.0s)
[2.269s] -- Build files have been written to: /home/antoxa/ros/ROS/lab2/ex09/build/full_name_pkg
[2.278s] Invoked command in '/home/antoxa/ros/ROS/lab2/ex09/build/full_name_pkg' returned '0': CMAKE_PREFIX_PATH=${CMAKE_PREFIX_PATH}:/home/antoxa/ros2_ws/install/launch_testing_examples:/home/antoxa/ros2_ws/install/examples_rclpy_pointcloud_publisher:/home/antoxa/ros2_ws/install/examples_rclpy_minimal_subscriber:/home/antoxa/ros2_ws/install/examples_rclpy_minimal_service:/home/antoxa/ros2_ws/install/examples_rclpy_minimal_publisher:/home/antoxa/ros2_ws/install/examples_rclpy_minimal_client:/home/antoxa/ros2_ws/install/examples_rclpy_minimal_action_server:/home/antoxa/ros2_ws/install/examples_rclpy_minimal_action_client:/home/antoxa/ros2_ws/install/examples_rclpy_guard_conditions:/home/antoxa/ros2_ws/install/examples_rclpy_executors:/opt/ros/jazzy DEBUGINFOD_URLS=https://debuginfod.ubuntu.com /usr/bin/cmake /home/antoxa/ros/ROS/lab2/ex09/full_name_pkg -DCMAKE_INSTALL_PREFIX=/home/antoxa/ros/ROS/lab2/ex09/install/full_name_pkg
[2.279s] Invoking command in '/home/antoxa/ros/ROS/lab2/ex09/build/full_name_pkg': CMAKE_PREFIX_PATH=${CMAKE_PREFIX_PATH}:/home/antoxa/ros2_ws/install/launch_testing_examples:/home/antoxa/ros2_ws/install/examples_rclpy_pointcloud_publisher:/home/antoxa/ros2_ws/install/examples_rclpy_minimal_subscriber:/home/antoxa/ros2_ws/install/examples_rclpy_minimal_service:/home/antoxa/ros2_ws/install/examples_rclpy_minimal_publisher:/home/antoxa/ros2_ws/install/examples_rclpy_minimal_client:/home/antoxa/ros2_ws/install/examples_rclpy_minimal_action_server:/home/antoxa/ros2_ws/install/examples_rclpy_minimal_action_client:/home/antoxa/ros2_ws/install/examples_rclpy_guard_conditions:/home/antoxa/ros2_ws/install/examples_rclpy_executors:/opt/ros/jazzy DEBUGINFOD_URLS=https://debuginfod.ubuntu.com /usr/bin/cmake --build /home/antoxa/ros/ROS/lab2/ex09/build/full_name_pkg -- -j22 -l22
[2.320s] [  2%] [34m[1mGenerating type hashes for ROS interfaces[0m
[2.329s] [  2%] Built target ament_cmake_python_copy_full_name_pkg
[2.447s] [  2%] Built target full_name_pkg__rosidl_generator_type_description
[2.455s] [  4%] [34m[1mGenerating C code for ROS interfaces[0m
[2.465s] running egg_info
[2.466s] creating full_name_pkg.egg-info
[2.467s] [  6%] [34m[1mGenerating C++ code for ROS interfaces[0m
[2.476s] writing full_name_pkg.egg-info/PKG-INFO
[2.476s] writing dependency_links to full_name_pkg.egg-info/dependency_links.txt
[2.476s] writing top-level names to full_name_pkg.egg-info/top_level.txt
[2.476s] writing manifest file 'full_name_pkg.egg-info/SOURCES.txt'
[2.507s] reading manifest file 'full_name_pkg.egg-info/SOURCES.txt'
[2.507s] writing manifest file 'full_name_pkg.egg-info/SOURCES.txt'
[2.527s] [  6%] Built target ament_cmake_python_build_full_name_pkg_egg
[2.653s] [  6%] Built target full_name_pkg__cpp
[2.667s] [ 13%] [32mBuilding C object CMakeFiles/full_name_pkg__rosidl_generator_c.dir/rosidl_generator_c/full_name_pkg/srv/detail/full_name_sum_service__description.c.o[0m
[2.667s] [ 13%] [32mBuilding C object CMakeFiles/full_name_pkg__rosidl_generator_c.dir/rosidl_generator_c/full_name_pkg/msg/detail/full_name_message__description.c.o[0m
[2.667s] [ 13%] [32mBuilding C object CMakeFiles/full_name_pkg__rosidl_generator_c.dir/rosidl_generator_c/full_name_pkg/msg/detail/full_name_message__functions.c.o[0m
[2.667s] [ 15%] [32mBuilding C object CMakeFiles/full_name_pkg__rosidl_generator_c.dir/rosidl_generator_c/full_name_pkg/srv/detail/full_name_sum_service__functions.c.o[0m
[2.667s] [ 18%] [32mBuilding C object CMakeFiles/full_name_pkg__rosidl_generator_c.dir/rosidl_generator_c/full_name_pkg/srv/detail/full_name_sum_service__type_support.c.o[0m
[2.669s] [ 20%] [32mBuilding C object CMakeFiles/full_name_pkg__rosidl_generator_c.dir/rosidl_generator_c/full_name_pkg/msg/detail/full_name_message__type_support.c.o[0m
[2.719s] [ 22%] [32m[1mLinking C shared library libfull_name_pkg__rosidl_generator_c.so[0m
[2.748s] [ 22%] Built target full_name_pkg__rosidl_generator_c
[2.754s] [ 25%] [34m[1mGenerating C type support for eProsima Fast-RTPS[0m
[2.756s] [ 27%] [34m[1mGenerating C introspection for ROS interfaces[0m
[2.756s] [ 29%] [34m[1mGenerating C++ type support for eProsima Fast-RTPS[0m
[2.756s] [ 34%] [34m[1mGenerating C type support dispatch for ROS interfaces[0m
[2.756s] [ 34%] [34m[1mGenerating C++ type support dispatch for ROS interfaces[0m
[2.757s] [ 36%] [34m[1mGenerating C++ introspection for ROS interfaces[0m
[2.922s] [ 38%] [32mBuilding CXX object CMakeFiles/full_name_pkg__rosidl_typesupport_c.dir/rosidl_typesupport_c/full_name_pkg/srv/full_name_sum_service__type_support.cpp.o[0m
[2.923s] [ 40%] [32mBuilding CXX object CMakeFiles/full_name_pkg__rosidl_typesupport_c.dir/rosidl_typesupport_c/full_name_pkg/msg/full_name_message__type_support.cpp.o[0m
[2.930s] [ 43%] [32mBuilding CXX object CMakeFiles/full_name_pkg__rosidl_typesupport_cpp.dir/rosidl_typesupport_cpp/full_name_pkg/srv/full_name_sum_service__type_support.cpp.o[0m
[2.931s] [ 45%] [32mBuilding CXX object CMakeFiles/full_name_pkg__rosidl_typesupport_cpp.dir/rosidl_typesupport_cpp/full_name_pkg/msg/full_name_message__type_support.cpp.o[0m
[2.945s] [ 50%] [32mBuilding C object CMakeFiles/full_name_pkg__rosidl_typesupport_introspection_c.dir/rosidl_typesupport_introspection_c/full_name_pkg/msg/detail/full_name_message__type_support.c.o[0m
[2.945s] [ 50%] [32mBuilding C object CMakeFiles/full_name_pkg__rosidl_typesupport_introspection_c.dir/rosidl_typesupport_introspection_c/full_name_pkg/srv/detail/full_name_sum_service__type_support.c.o[0m
[2.951s] [ 52%] [32mBuilding CXX object CMakeFiles/full_name_pkg__rosidl_typesupport_introspection_cpp.dir/rosidl_typesupport_introspection_cpp/full_name_pkg/msg/detail/full_name_message__type_support.cpp.o[0m
[2.951s] [ 54%] [32mBuilding CXX object CMakeFiles/full_name_pkg__rosidl_typesupport_introspection_cpp.dir/rosidl_typesupport_introspection_cpp/full_name_pkg/srv/detail/full_name_sum_service__type_support.cpp.o[0m
[2.958s] [ 56%] [32mBuilding CXX object CMakeFiles/full_name_pkg__rosidl_typesupport_fastrtps_cpp.dir/rosidl_typesupport_fastrtps_cpp/full_name_pkg/msg/detail/dds_fastrtps/full_name_message__type_support.cpp.o[0m
[2.958s] [ 59%] [32mBuilding CXX object CMakeFiles/full_name_pkg__rosidl_typesupport_fastrtps_cpp.dir/rosidl_typesupport_fastrtps_cpp/full_name_pkg/srv/detail/dds_fastrtps/full_name_sum_service__type_support.cpp.o[0m
[2.969s] [ 61%] [32m[1mLinking CXX shared library libfull_name_pkg__rosidl_typesupport_c.so[0m
[2.980s] [ 63%] [32m[1mLinking C shared library libfull_name_pkg__rosidl_typesupport_introspection_c.so[0m
[2.982s] [ 65%] [32mBuilding CXX object CMakeFiles/full_name_pkg__rosidl_typesupport_fastrtps_c.dir/rosidl_typesupport_fastrtps_c/full_name_pkg/msg/detail/full_name_message__type_support_c.cpp.o[0m
[2.983s] [ 68%] [32mBuilding CXX object CMakeFiles/full_name_pkg__rosidl_typesupport_fastrtps_c.dir/rosidl_typesupport_fastrtps_c/full_name_pkg/srv/detail/full_name_sum_service__type_support_c.cpp.o[0m
[3.007s] [ 68%] Built target full_name_pkg__rosidl_typesupport_c
[3.014s] [ 68%] Built target full_name_pkg__rosidl_typesupport_introspection_c
[3.177s] [ 70%] [32m[1mLinking CXX shared library libfull_name_pkg__rosidl_typesupport_cpp.so[0m
[3.239s] [ 70%] Built target full_name_pkg__rosidl_typesupport_cpp
[3.296s] [ 72%] [32m[1mLinking CXX shared library libfull_name_pkg__rosidl_typesupport_introspection_cpp.so[0m
[3.314s] [ 75%] [32m[1mLinking CXX shared library libfull_name_pkg__rosidl_typesupport_fastrtps_cpp.so[0m
[3.320s] [ 77%] [32m[1mLinking CXX shared library libfull_name_pkg__rosidl_typesupport_fastrtps_c.so[0m
[3.353s] [ 77%] Built target full_name_pkg__rosidl_typesupport_introspection_cpp
[3.366s] [ 77%] Built target full_name_pkg__rosidl_typesupport_fastrtps_cpp
[3.369s] [ 77%] Built target full_name_pkg__rosidl_typesupport_fastrtps_c
[3.385s] [ 77%] Built target full_name_pkg
[3.399s] [ 79%] [34m[1mGenerating Python code for ROS interfaces[0m
[3.630s] [ 79%] Built target full_name_pkg__py
[3.645s] [ 81%] [32mBuilding C object CMakeFiles/full_name_pkg__rosidl_generator_py.dir/rosidl_generator_py/full_name_pkg/msg/_full_name_message_s.c.o[0m
[3.645s] [ 84%] [32mBuilding C object CMakeFiles/full_name_pkg__rosidl_generator_py.dir/rosidl_generator_py/full_name_pkg/srv/_full_name_sum_service_s.c.o[0m
[3.730s] [ 86%] [32m[1mLinking C shared library libfull_name_pkg__rosidl_generator_py.so[0m
[3.761s] [ 86%] Built target full_name_pkg__rosidl_generator_py
[3.776s] [ 88%] [32mBuilding C object CMakeFiles/full_name_pkg_s__rosidl_typesupport_fastrtps_c.dir/rosidl_generator_py/full_name_pkg/_full_name_pkg_s.ep.rosidl_typesupport_fastrtps_c.c.o[0m
[3.778s] [ 90%] [32mBuilding C object CMakeFiles/full_name_pkg_s__rosidl_typesupport_introspection_c.dir/rosidl_generator_py/full_name_pkg/_full_name_pkg_s.ep.rosidl_typesupport_introspection_c.c.o[0m
[3.778s] [ 93%] [32mBuilding C object CMakeFiles/full_name_pkg_s__rosidl_typesupport_c.dir/rosidl_generator_py/full_name_pkg/_full_name_pkg_s.ep.rosidl_typesupport_c.c.o[0m
[3.843s] [ 95%] [32m[1mLinking C shared module rosidl_generator_py/full_name_pkg/full_name_pkg_s__rosidl_typesupport_fastrtps_c.so[0m
[3.845s] [100%] [32m[1mLinking C shared module rosidl_generator_py/full_name_pkg/full_name_pkg_s__rosidl_typesupport_introspection_c.so[0m
[3.846s] [100%] [32m[1mLinking C shared module rosidl_generator_py/full_name_pkg/full_name_pkg_s__rosidl_typesupport_c.so[0m
[3.870s] [100%] Built target full_name_pkg_s__rosidl_typesupport_fastrtps_c
[3.870s] [100%] Built target full_name_pkg_s__rosidl_typesupport_c
[3.870s] [100%] Built target full_name_pkg_s__rosidl_typesupport_introspection_c
[3.878s] Invoked command in '/home/antoxa/ros/ROS/lab2/ex09/build/full_name_pkg' returned '0': CMAKE_PREFIX_PATH=${CMAKE_PREFIX_PATH}:/home/antoxa/ros2_ws/install/launch_testing_examples:/home/antoxa/ros2_ws/install/examples_rclpy_pointcloud_publisher:/home/antoxa/ros2_ws/install/examples_rclpy_minimal_subscriber:/home/antoxa/ros2_ws/install/examples_rclpy_minimal_service:/home/antoxa/ros2_ws/install/examples_rclpy_minimal_publisher:/home/antoxa/ros2_ws/install/examples_rclpy_minimal_client:/home/antoxa/ros2_ws/install/examples_rclpy_minimal_action_server:/home/antoxa/ros2_ws/install/examples_rclpy_minimal_action_client:/home/antoxa/ros2_ws/install/examples_rclpy_guard_conditions:/home/antoxa/ros2_ws/install/examples_rclpy_executors:/opt/ros/jazzy DEBUGINFOD_URLS=https://debuginfod.ubuntu.com /usr/bin/cmake --build /home/antoxa/ros/ROS/lab2/ex09/build/full_name_pkg -- -j22 -l22
[3.886s] Invoking command in '/home/antoxa/ros/ROS/lab2/ex09/build/full_name_pkg': CMAKE_PREFIX_PATH=${CMAKE_PREFIX_PATH}:/home/antoxa/ros2_ws/install/launch_testing_examples:/home/antoxa/ros2_ws/install/examples_rclpy_pointcloud_publisher:/home/antoxa/ros2_ws/install/examples_rclpy_minimal_subscriber:/home/antoxa/ros2_ws/install/examples_rclpy_minimal_service:/home/antoxa/ros2_ws/install/examples_rclpy_minimal_publisher:/home/antoxa/ros2_ws/install/examples_rclpy_minimal_client:/home/antoxa/ros2_ws/install/examples_rclpy_minimal_action_server:/home/antoxa/ros2_ws/install/examples_rclpy_minimal_action_client:/home/antoxa/ros2_ws/install/examples_rclpy_guard_conditions:/home/antoxa/ros2_ws/install/examples_rclpy_executors:/opt/ros/jazzy DEBUGINFOD_URLS=https://debuginfod.ubuntu.com /usr/bin/cmake --install /home/antoxa/ros/ROS/lab2/ex09/build/full_name_pkg
[3.892s] -- Install configuration: ""
[3.892s] -- Installing: /home/antoxa/ros/ROS/lab2/ex09/install/full_name_pkg/share/ament_index/resource_index/rosidl_interfaces/full_name_pkg
[3.892s] -- Installing: /home/antoxa/ros/ROS/lab2/ex09/install/full_name_pkg/share/full_name_pkg/msg/FullNameMessage.json
[3.892s] -- Installing: /home/antoxa/ros/ROS/lab2/ex09/install/full_name_pkg/share/full_name_pkg/srv/FullNameSumService.json
[3.892s] -- Installing: /home/antoxa/ros/ROS/lab2/ex09/install/full_name_pkg/include/full_name_pkg/full_name_pkg
[3.892s] -- Installing: /home/antoxa/ros/ROS/lab2/ex09/install/full_name_pkg/include/full_name_pkg/full_name_pkg/srv
[3.892s] -- Installing: /home/antoxa/ros/ROS/lab2/ex09/install/full_name_pkg/include/full_name_pkg/full_name_pkg/srv/full_name_sum_service.h
[3.892s] -- Installing: /home/antoxa/ros/ROS/lab2/ex09/install/full_name_pkg/include/full_name_pkg/full_name_pkg/srv/detail
[3.892s] -- Installing: /home/antoxa/ros/ROS/lab2/ex09/install/full_name_pkg/include/full_name_pkg/full_name_pkg/srv/detail/full_name_sum_service__description.c
[3.892s] -- Installing: /home/antoxa/ros/ROS/lab2/ex09/install/full_name_pkg/include/full_name_pkg/full_name_pkg/srv/detail/full_name_sum_service__struct.h
[3.893s] -- Installing: /home/antoxa/ros/ROS/lab2/ex09/install/full_name_pkg/include/full_name_pkg/full_name_pkg/srv/detail/full_name_sum_service__functions.h
[3.893s] -- Installing: /home/antoxa/ros/ROS/lab2/ex09/install/full_name_pkg/include/full_name_pkg/full_name_pkg/srv/detail/full_name_sum_service__type_support.c
[3.893s] -- Installing: /home/antoxa/ros/ROS/lab2/ex09/install/full_name_pkg/include/full_name_pkg/full_name_pkg/srv/detail/full_name_sum_service__functions.c
[3.893s] -- Installing: /home/antoxa/ros/ROS/lab2/ex09/install/full_name_pkg/include/full_name_pkg/full_name_pkg/srv/detail/full_name_sum_service__type_support.h
[3.893s] -- Installing: /home/antoxa/ros/ROS/lab2/ex09/install/full_name_pkg/include/full_name_pkg/full_name_pkg/msg
[3.893s] -- Installing: /home/antoxa/ros/ROS/lab2/ex09/install/full_name_pkg/include/full_name_pkg/full_name_pkg/msg/detail
[3.893s] -- Installing: /home/antoxa/ros/ROS/lab2/ex09/install/full_name_pkg/include/full_name_pkg/full_name_pkg/msg/detail/full_name_message__functions.h
[3.893s] -- Installing: /home/antoxa/ros/ROS/lab2/ex09/install/full_name_pkg/include/full_name_pkg/full_name_pkg/msg/detail/full_name_message__type_support.h
[3.893s] -- Installing: /home/antoxa/ros/ROS/lab2/ex09/install/full_name_pkg/include/full_name_pkg/full_name_pkg/msg/detail/full_name_message__description.c
[3.893s] -- Installing: /home/antoxa/ros/ROS/lab2/ex09/install/full_name_pkg/include/full_name_pkg/full_name_pkg/msg/detail/full_name_message__functions.c
[3.893s] -- Installing: /home/antoxa/ros/ROS/lab2/ex09/install/full_name_pkg/include/full_name_pkg/full_name_pkg/msg/detail/full_name_message__type_support.c
[3.893s] -- Installing: /home/antoxa/ros/ROS/lab2/ex09/install/full_name_pkg/include/full_name_pkg/full_name_pkg/msg/detail/full_name_message__struct.h
[3.893s] -- Installing: /home/antoxa/ros/ROS/lab2/ex09/install/full_name_pkg/include/full_name_pkg/full_name_pkg/msg/rosidl_generator_c__visibility_control.h
[3.894s] -- Installing: /home/antoxa/ros/ROS/lab2/ex09/install/full_name_pkg/include/full_name_pkg/full_name_pkg/msg/full_name_message.h
[3.894s] -- Installing: /home/antoxa/ros/ROS/lab2/ex09/install/full_name_pkg/share/full_name_pkg/environment/library_path.sh
[3.894s] -- Installing: /home/antoxa/ros/ROS/lab2/ex09/install/full_name_pkg/share/full_name_pkg/environment/library_path.dsv
[3.894s] -- Installing: /home/antoxa/ros/ROS/lab2/ex09/install/full_name_pkg/lib/libfull_name_pkg__rosidl_generator_c.so
[3.894s] -- Set non-toolchain portion of runtime path of "/home/antoxa/ros/ROS/lab2/ex09/install/full_name_pkg/lib/libfull_name_pkg__rosidl_generator_c.so" to ""
[3.894s] -- Up-to-date: /home/antoxa/ros/ROS/lab2/ex09/install/full_name_pkg/include/full_name_pkg/full_name_pkg
[3.894s] -- Up-to-date: /home/antoxa/ros/ROS/lab2/ex09/install/full_name_pkg/include/full_name_pkg/full_name_pkg/srv
[3.894s] -- Up-to-date: /home/antoxa/ros/ROS/lab2/ex09/install/full_name_pkg/include/full_name_pkg/full_name_pkg/srv/detail
[3.894s] -- Installing: /home/antoxa/ros/ROS/lab2/ex09/install/full_name_pkg/include/full_name_pkg/full_name_pkg/srv/detail/full_name_sum_service__rosidl_typesupport_fastrtps_c.h
[3.894s] -- Up-to-date: /home/antoxa/ros/ROS/lab2/ex09/install/full_name_pkg/include/full_name_pkg/full_name_pkg/msg
[3.894s] -- Up-to-date: /home/antoxa/ros/ROS/lab2/ex09/install/full_name_pkg/include/full_name_pkg/full_name_pkg/msg/detail
[3.894s] -- Installing: /home/antoxa/ros/ROS/lab2/ex09/install/full_name_pkg/include/full_name_pkg/full_name_pkg/msg/detail/full_name_message__rosidl_typesupport_fastrtps_c.h
[3.895s] -- Installing: /home/antoxa/ros/ROS/lab2/ex09/install/full_name_pkg/include/full_name_pkg/full_name_pkg/msg/rosidl_typesupport_fastrtps_c__visibility_control.h
[3.895s] -- Installing: /home/antoxa/ros/ROS/lab2/ex09/install/full_name_pkg/lib/libfull_name_pkg__rosidl_typesupport_fastrtps_c.so
[3.895s] -- Set non-toolchain portion of runtime path of "/home/antoxa/ros/ROS/lab2/ex09/install/full_name_pkg/lib/libfull_name_pkg__rosidl_typesupport_fastrtps_c.so" to ""
[3.895s] -- Up-to-date: /home/antoxa/ros/ROS/lab2/ex09/install/full_name_pkg/include/full_name_pkg/full_name_pkg
[3.895s] -- Up-to-date: /home/antoxa/ros/ROS/lab2/ex09/install/full_name_pkg/include/full_name_pkg/full_name_pkg/srv
[3.895s] -- Up-to-date: /home/antoxa/ros/ROS/lab2/ex09/install/full_name_pkg/include/full_name_pkg/full_name_pkg/srv/detail
[3.895s] -- Installing: /home/antoxa/ros/ROS/lab2/ex09/install/full_name_pkg/include/full_name_pkg/full_name_pkg/srv/detail/full_name_sum_service__builder.hpp
[3.895s] -- Installing: /home/antoxa/ros/ROS/lab2/ex09/install/full_name_pkg/include/full_name_pkg/full_name_pkg/srv/detail/full_name_sum_service__struct.hpp
[3.895s] -- Installing: /home/antoxa/ros/ROS/lab2/ex09/install/full_name_pkg/include/full_name_pkg/full_name_pkg/srv/detail/full_name_sum_service__type_support.hpp
[3.895s] -- Installing: /home/antoxa/ros/ROS/lab2/ex09/install/full_name_pkg/include/full_name_pkg/full_name_pkg/srv/detail/full_name_sum_service__traits.hpp
[3.896s] -- Installing: /home/antoxa/ros/ROS/lab2/ex09/install/full_name_pkg/include/full_name_pkg/full_name_pkg/srv/full_name_sum_service.hpp
[3.896s] -- Up-to-date: /home/antoxa/ros/ROS/lab2/ex09/install/full_name_pkg/include/full_name_pkg/full_name_pkg/msg
[3.896s] -- Up-to-date: /home/antoxa/ros/ROS/lab2/ex09/install/full_name_pkg/include/full_name_pkg/full_name_pkg/msg/detail
[3.896s] -- Installing: /home/antoxa/ros/ROS/lab2/ex09/install/full_name_pkg/include/full_name_pkg/full_name_pkg/msg/detail/full_name_message__type_support.hpp
[3.896s] -- Installing: /home/antoxa/ros/ROS/lab2/ex09/install/full_name_pkg/include/full_name_pkg/full_name_pkg/msg/detail/full_name_message__struct.hpp
[3.896s] -- Installing: /home/antoxa/ros/ROS/lab2/ex09/install/full_name_pkg/include/full_name_pkg/full_name_pkg/msg/detail/full_name_message__builder.hpp
[3.896s] -- Installing: /home/antoxa/ros/ROS/lab2/ex09/install/full_name_pkg/include/full_name_pkg/full_name_pkg/msg/detail/full_name_message__traits.hpp
[3.896s] -- Installing: /home/antoxa/ros/ROS/lab2/ex09/install/full_name_pkg/include/full_name_pkg/full_name_pkg/msg/rosidl_generator_cpp__visibility_control.hpp
[3.896s] -- Installing: /home/antoxa/ros/ROS/lab2/ex09/install/full_name_pkg/include/full_name_pkg/full_name_pkg/msg/full_name_message.hpp
[3.896s] -- Up-to-date: /home/antoxa/ros/ROS/lab2/ex09/install/full_name_pkg/include/full_name_pkg/full_name_pkg
[3.896s] -- Up-to-date: /home/antoxa/ros/ROS/lab2/ex09/install/full_name_pkg/include/full_name_pkg/full_name_pkg/srv
[3.896s] -- Up-to-date: /home/antoxa/ros/ROS/lab2/ex09/install/full_name_pkg/include/full_name_pkg/full_name_pkg/srv/detail
[3.897s] -- Installing: /home/antoxa/ros/ROS/lab2/ex09/install/full_name_pkg/include/full_name_pkg/full_name_pkg/srv/detail/full_name_sum_service__rosidl_typesupport_fastrtps_cpp.hpp
[3.897s] -- Installing: /home/antoxa/ros/ROS/lab2/ex09/install/full_name_pkg/include/full_name_pkg/full_name_pkg/srv/detail/dds_fastrtps
[3.897s] -- Up-to-date: /home/antoxa/ros/ROS/lab2/ex09/install/full_name_pkg/include/full_name_pkg/full_name_pkg/msg
[3.897s] -- Up-to-date: /home/antoxa/ros/ROS/lab2/ex09/install/full_name_pkg/include/full_name_pkg/full_name_pkg/msg/detail
[3.897s] -- Installing: /home/antoxa/ros/ROS/lab2/ex09/install/full_name_pkg/include/full_name_pkg/full_name_pkg/msg/detail/full_name_message__rosidl_typesupport_fastrtps_cpp.hpp
[3.897s] -- Installing: /home/antoxa/ros/ROS/lab2/ex09/install/full_name_pkg/include/full_name_pkg/full_name_pkg/msg/detail/dds_fastrtps
[3.897s] -- Installing: /home/antoxa/ros/ROS/lab2/ex09/install/full_name_pkg/include/full_name_pkg/full_name_pkg/msg/rosidl_typesupport_fastrtps_cpp__visibility_control.h
[3.897s] -- Installing: /home/antoxa/ros/ROS/lab2/ex09/install/full_name_pkg/lib/libfull_name_pkg__rosidl_typesupport_fastrtps_cpp.so
[3.897s] -- Set non-toolchain portion of runtime path of "/home/antoxa/ros/ROS/lab2/ex09/install/full_name_pkg/lib/libfull_name_pkg__rosidl_typesupport_fastrtps_cpp.so" to ""
[3.897s] -- Up-to-date: /home/antoxa/ros/ROS/lab2/ex09/install/full_name_pkg/include/full_name_pkg/full_name_pkg
[3.897s] -- Up-to-date: /home/antoxa/ros/ROS/lab2/ex09/install/full_name_pkg/include/full_name_pkg/full_name_pkg/srv
[3.897s] -- Up-to-date: /home/antoxa/ros/ROS/lab2/ex09/install/full_name_pkg/include/full_name_pkg/full_name_pkg/srv/detail
[3.897s] -- Installing: /home/antoxa/ros/ROS/lab2/ex09/install/full_name_pkg/include/full_name_pkg/full_name_pkg/srv/detail/full_name_sum_service__rosidl_typesupport_introspection_c.h
[3.897s] -- Installing: /home/antoxa/ros/ROS/lab2/ex09/install/full_name_pkg/include/full_name_pkg/full_name_pkg/srv/detail/full_name_sum_service__type_support.c
[3.897s] -- Up-to-date: /home/antoxa/ros/ROS/lab2/ex09/install/full_name_pkg/include/full_name_pkg/full_name_pkg/msg
[3.897s] -- Up-to-date: /home/antoxa/ros/ROS/lab2/ex09/install/full_name_pkg/include/full_name_pkg/full_name_pkg/msg/detail
[3.897s] -- Installing: /home/antoxa/ros/ROS/lab2/ex09/install/full_name_pkg/include/full_name_pkg/full_name_pkg/msg/detail/full_name_message__type_support.c
[3.897s] -- Installing: /home/antoxa/ros/ROS/lab2/ex09/install/full_name_pkg/include/full_name_pkg/full_name_pkg/msg/detail/full_name_message__rosidl_typesupport_introspection_c.h
[3.897s] -- Installing: /home/antoxa/ros/ROS/lab2/ex09/install/full_name_pkg/include/full_name_pkg/full_name_pkg/msg/rosidl_typesupport_introspection_c__visibility_control.h
[3.897s] -- Installing: /home/antoxa/ros/ROS/lab2/ex09/install/full_name_pkg/lib/libfull_name_pkg__rosidl_typesupport_introspection_c.so
[3.897s] -- Set non-toolchain portion of runtime path of "/home/antoxa/ros/ROS/lab2/ex09/install/full_name_pkg/lib/libfull_name_pkg__rosidl_typesupport_introspection_c.so" to ""
[3.897s] -- Installing: /home/antoxa/ros/ROS/lab2/ex09/install/full_name_pkg/lib/libfull_name_pkg__rosidl_typesupport_c.so
[3.897s] -- Set non-toolchain portion of runtime path of "/home/antoxa/ros/ROS/lab2/ex09/install/full_name_pkg/lib/libfull_name_pkg__rosidl_typesupport_c.so" to ""
[3.897s] -- Up-to-date: /home/antoxa/ros/ROS/lab2/ex09/install/full_name_pkg/include/full_name_pkg/full_name_pkg
[3.897s] -- Up-to-date: /home/antoxa/ros/ROS/lab2/ex09/install/full_name_pkg/include/full_name_pkg/full_name_pkg/srv
[3.897s] -- Up-to-date: /home/antoxa/ros/ROS/lab2/ex09/install/full_name_pkg/include/full_name_pkg/full_name_pkg/srv/detail
[3.897s] -- Installing: /home/antoxa/ros/ROS/lab2/ex09/install/full_name_pkg/include/full_name_pkg/full_name_pkg/srv/detail/full_name_sum_service__type_support.cpp
[3.898s] -- Installing: /home/antoxa/ros/ROS/lab2/ex09/install/full_name_pkg/include/full_name_pkg/full_name_pkg/srv/detail/full_name_sum_service__rosidl_typesupport_introspection_cpp.hpp
[3.898s] -- Up-to-date: /home/antoxa/ros/ROS/lab2/ex09/install/full_name_pkg/include/full_name_pkg/full_name_pkg/msg
[3.898s] -- Up-to-date: /home/antoxa/ros/ROS/lab2/ex09/install/full_name_pkg/include/full_name_pkg/full_name_pkg/msg/detail
[3.898s] -- Installing: /home/antoxa/ros/ROS/lab2/ex09/install/full_name_pkg/include/full_name_pkg/full_name_pkg/msg/detail/full_name_message__rosidl_typesupport_introspection_cpp.hpp
[3.898s] -- Installing: /home/antoxa/ros/ROS/lab2/ex09/install/full_name_pkg/include/full_name_pkg/full_name_pkg/msg/detail/full_name_message__type_support.cpp
[3.898s] -- Installing: /home/antoxa/ros/ROS/lab2/ex09/install/full_name_pkg/lib/libfull_name_pkg__rosidl_typesupport_introspection_cpp.so
[3.898s] -- Set non-toolchain portion of runtime path of "/home/antoxa/ros/ROS/lab2/ex09/install/full_name_pkg/lib/libfull_name_pkg__rosidl_typesupport_introspection_cpp.so" to ""
[3.898s] -- Installing: /home/antoxa/ros/ROS/lab2/ex09/install/full_name_pkg/lib/libfull_name_pkg__rosidl_typesupport_cpp.so
[3.898s] -- Set non-toolchain portion of runtime path of "/home/antoxa/ros/ROS/lab2/ex09/install/full_name_pkg/lib/libfull_name_pkg__rosidl_typesupport_cpp.so" to ""
[3.898s] -- Installing: /home/antoxa/ros/ROS/lab2/ex09/install/full_name_pkg/share/full_name_pkg/environment/pythonpath.sh
[3.898s] -- Installing: /home/antoxa/ros/ROS/lab2/ex09/install/full_name_pkg/share/full_name_pkg/environment/pythonpath.dsv
[3.898s] -- Installing: /home/antoxa/ros/ROS/lab2/ex09/install/full_name_pkg/lib/python3.12/site-packages/full_name_pkg-0.0.0-py3.12.egg-info
[3.898s] -- Installing: /home/antoxa/ros/ROS/lab2/ex09/install/full_name_pkg/lib/python3.12/site-packages/full_name_pkg-0.0.0-py3.12.egg-info/dependency_links.txt
[3.898s] -- Installing: /home/antoxa/ros/ROS/lab2/ex09/install/full_name_pkg/lib/python3.12/site-packages/full_name_pkg-0.0.0-py3.12.egg-info/top_level.txt
[3.898s] -- Installing: /home/antoxa/ros/ROS/lab2/ex09/install/full_name_pkg/lib/python3.12/site-packages/full_name_pkg-0.0.0-py3.12.egg-info/PKG-INFO
[3.898s] -- Installing: /home/antoxa/ros/ROS/lab2/ex09/install/full_name_pkg/lib/python3.12/site-packages/full_name_pkg-0.0.0-py3.12.egg-info/SOURCES.txt
[3.898s] -- Installing: /home/antoxa/ros/ROS/lab2/ex09/install/full_name_pkg/lib/python3.12/site-packages/full_name_pkg
[3.898s] -- Installing: /home/antoxa/ros/ROS/lab2/ex09/install/full_name_pkg/lib/python3.12/site-packages/full_name_pkg/full_name_pkg_s__rosidl_typesupport_c.so
[3.898s] -- Installing: /home/antoxa/ros/ROS/lab2/ex09/install/full_name_pkg/lib/python3.12/site-packages/full_name_pkg/full_name_pkg_s__rosidl_typesupport_fastrtps_c.so
[3.898s] -- Installing: /home/antoxa/ros/ROS/lab2/ex09/install/full_name_pkg/lib/python3.12/site-packages/full_name_pkg/_full_name_pkg_s.ep.rosidl_typesupport_fastrtps_c.c
[3.898s] -- Installing: /home/antoxa/ros/ROS/lab2/ex09/install/full_name_pkg/lib/python3.12/site-packages/full_name_pkg/__init__.py
[3.898s] -- Installing: /home/antoxa/ros/ROS/lab2/ex09/install/full_name_pkg/lib/python3.12/site-packages/full_name_pkg/full_name_pkg_s__rosidl_typesupport_introspection_c.so
[3.898s] -- Installing: /home/antoxa/ros/ROS/lab2/ex09/install/full_name_pkg/lib/python3.12/site-packages/full_name_pkg/srv
[3.898s] -- Installing: /home/antoxa/ros/ROS/lab2/ex09/install/full_name_pkg/lib/python3.12/site-packages/full_name_pkg/srv/_full_name_sum_service_s.c
[3.898s] -- Installing: /home/antoxa/ros/ROS/lab2/ex09/install/full_name_pkg/lib/python3.12/site-packages/full_name_pkg/srv/__init__.py
[3.898s] -- Installing: /home/antoxa/ros/ROS/lab2/ex09/install/full_name_pkg/lib/python3.12/site-packages/full_name_pkg/srv/_full_name_sum_service.py
[3.898s] -- Installing: /home/antoxa/ros/ROS/lab2/ex09/install/full_name_pkg/lib/python3.12/site-packages/full_name_pkg/_full_name_pkg_s.ep.rosidl_typesupport_c.c
[3.898s] -- Installing: /home/antoxa/ros/ROS/lab2/ex09/install/full_name_pkg/lib/python3.12/site-packages/full_name_pkg/msg
[3.898s] -- Installing: /home/antoxa/ros/ROS/lab2/ex09/install/full_name_pkg/lib/python3.12/site-packages/full_name_pkg/msg/_full_name_message_s.c
[3.898s] -- Installing: /home/antoxa/ros/ROS/lab2/ex09/install/full_name_pkg/lib/python3.12/site-packages/full_name_pkg/msg/__init__.py
[3.898s] -- Installing: /home/antoxa/ros/ROS/lab2/ex09/install/full_name_pkg/lib/python3.12/site-packages/full_name_pkg/msg/_full_name_message.py
[3.898s] -- Installing: /home/antoxa/ros/ROS/lab2/ex09/install/full_name_pkg/lib/python3.12/site-packages/full_name_pkg/_full_name_pkg_s.ep.rosidl_typesupport_introspection_c.c
[3.926s] Listing '/home/antoxa/ros/ROS/lab2/ex09/install/full_name_pkg/lib/python3.12/site-packages/full_name_pkg'...
[3.927s] Compiling '/home/antoxa/ros/ROS/lab2/ex09/install/full_name_pkg/lib/python3.12/site-packages/full_name_pkg/__init__.py'...
[3.927s] Listing '/home/antoxa/ros/ROS/lab2/ex09/install/full_name_pkg/lib/python3.12/site-packages/full_name_pkg/msg'...
[3.927s] Compiling '/home/antoxa/ros/ROS/lab2/ex09/install/full_name_pkg/lib/python3.12/site-packages/full_name_pkg/msg/__init__.py'...
[3.927s] Compiling '/home/antoxa/ros/ROS/lab2/ex09/install/full_name_pkg/lib/python3.12/site-packages/full_name_pkg/msg/_full_name_message.py'...
[3.927s] Listing '/home/antoxa/ros/ROS/lab2/ex09/install/full_name_pkg/lib/python3.12/site-packages/full_name_pkg/srv'...
[3.927s] Compiling '/home/antoxa/ros/ROS/lab2/ex09/install/full_name_pkg/lib/python3.12/site-packages/full_name_pkg/srv/__init__.py'...
[3.927s] Compiling '/home/antoxa/ros/ROS/lab2/ex09/install/full_name_pkg/lib/python3.12/site-packages/full_name_pkg/srv/_full_name_sum_service.py'...
[3.930s] -- Installing: /home/antoxa/ros/ROS/lab2/ex09/install/full_name_pkg/lib/python3.12/site-packages/full_name_pkg/full_name_pkg_s__rosidl_typesupport_fastrtps_c.so
[3.930s] -- Set non-toolchain portion of runtime path of "/home/antoxa/ros/ROS/lab2/ex09/install/full_name_pkg/lib/python3.12/site-packages/full_name_pkg/full_name_pkg_s__rosidl_typesupport_fastrtps_c.so" to ""
[3.930s] -- Installing: /home/antoxa/ros/ROS/lab2/ex09/install/full_name_pkg/lib/python3.12/site-packages/full_name_pkg/full_name_pkg_s__rosidl_typesupport_introspection_c.so
[3.931s] -- Set non-toolchain portion of runtime path of "/home/antoxa/ros/ROS/lab2/ex09/install/full_name_pkg/lib/python3.12/site-packages/full_name_pkg/full_name_pkg_s__rosidl_typesupport_introspection_c.so" to ""
[3.931s] -- Installing: /home/antoxa/ros/ROS/lab2/ex09/install/full_name_pkg/lib/python3.12/site-packages/full_name_pkg/full_name_pkg_s__rosidl_typesupport_c.so
[3.931s] -- Set non-toolchain portion of runtime path of "/home/antoxa/ros/ROS/lab2/ex09/install/full_name_pkg/lib/python3.12/site-packages/full_name_pkg/full_name_pkg_s__rosidl_typesupport_c.so" to ""
[3.931s] -- Installing: /home/antoxa/ros/ROS/lab2/ex09/install/full_name_pkg/lib/libfull_name_pkg__rosidl_generator_py.so
[3.932s] -- Set non-toolchain portion of runtime path of "/home/antoxa/ros/ROS/lab2/ex09/install/full_name_pkg/lib/libfull_name_pkg__rosidl_generator_py.so" to ""
[3.932s] -- Installing: /home/antoxa/ros/ROS/lab2/ex09/install/full_name_pkg/share/full_name_pkg/msg/FullNameMessage.idl
[3.932s] -- Installing: /home/antoxa/ros/ROS/lab2/ex09/install/full_name_pkg/share/full_name_pkg/srv/FullNameSumService.idl
[3.932s] -- Installing: /home/antoxa/ros/ROS/lab2/ex09/install/full_name_pkg/share/full_name_pkg/msg/FullNameMessage.msg
[3.932s] -- Installing: /home/antoxa/ros/ROS/lab2/ex09/install/full_name_pkg/share/full_name_pkg/srv/FullNameSumService.srv
[3.932s] -- Installing: /home/antoxa/ros/ROS/lab2/ex09/install/full_name_pkg/share/ament_index/resource_index/package_run_dependencies/full_name_pkg
[3.932s] -- Installing: /home/antoxa/ros/ROS/lab2/ex09/install/full_name_pkg/share/ament_index/resource_index/parent_prefix_path/full_name_pkg
[3.933s] -- Installing: /home/antoxa/ros/ROS/lab2/ex09/install/full_name_pkg/share/full_name_pkg/environment/ament_prefix_path.sh
[3.933s] -- Installing: /home/antoxa/ros/ROS/lab2/ex09/install/full_name_pkg/share/full_name_pkg/environment/ament_prefix_path.dsv
[3.933s] -- Installing: /home/antoxa/ros/ROS/lab2/ex09/install/full_name_pkg/share/full_name_pkg/environment/path.sh
[3.933s] -- Installing: /home/antoxa/ros/ROS/lab2/ex09/install/full_name_pkg/share/full_name_pkg/environment/path.dsv
[3.933s] -- Installing: /home/antoxa/ros/ROS/lab2/ex09/install/full_name_pkg/share/full_name_pkg/local_setup.bash
[3.933s] -- Installing: /home/antoxa/ros/ROS/lab2/ex09/install/full_name_pkg/share/full_name_pkg/local_setup.sh
[3.933s] -- Installing: /home/antoxa/ros/ROS/lab2/ex09/install/full_name_pkg/share/full_name_pkg/local_setup.zsh
[3.933s] -- Installing: /home/antoxa/ros/ROS/lab2/ex09/install/full_name_pkg/share/full_name_pkg/local_setup.dsv
[3.933s] -- Installing: /home/antoxa/ros/ROS/lab2/ex09/install/full_name_pkg/share/full_name_pkg/package.dsv
[3.933s] -- Installing: /home/antoxa/ros/ROS/lab2/ex09/install/full_name_pkg/share/ament_index/resource_index/packages/full_name_pkg
[3.934s] -- Installing: /home/antoxa/ros/ROS/lab2/ex09/install/full_name_pkg/share/full_name_pkg/cmake/export_full_name_pkg__rosidl_generator_cExport.cmake
[3.934s] -- Installing: /home/antoxa/ros/ROS/lab2/ex09/install/full_name_pkg/share/full_name_pkg/cmake/export_full_name_pkg__rosidl_generator_cExport-noconfig.cmake
[3.934s] -- Installing: /home/antoxa/ros/ROS/lab2/ex09/install/full_name_pkg/share/full_name_pkg/cmake/export_full_name_pkg__rosidl_typesupport_fastrtps_cExport.cmake
[3.934s] -- Installing: /home/antoxa/ros/ROS/lab2/ex09/install/full_name_pkg/share/full_name_pkg/cmake/export_full_name_pkg__rosidl_typesupport_fastrtps_cExport-noconfig.cmake
[3.934s] -- Installing: /home/antoxa/ros/ROS/lab2/ex09/install/full_name_pkg/share/full_name_pkg/cmake/export_full_name_pkg__rosidl_generator_cppExport.cmake
[3.934s] -- Installing: /home/antoxa/ros/ROS/lab2/ex09/install/full_name_pkg/share/full_name_pkg/cmake/export_full_name_pkg__rosidl_typesupport_fastrtps_cppExport.cmake
[3.934s] -- Installing: /home/antoxa/ros/ROS/lab2/ex09/install/full_name_pkg/share/full_name_pkg/cmake/export_full_name_pkg__rosidl_typesupport_fastrtps_cppExport-noconfig.cmake
[3.934s] -- Installing: /home/antoxa/ros/ROS/lab2/ex09/install/full_name_pkg/share/full_name_pkg/cmake/full_name_pkg__rosidl_typesupport_introspection_cExport.cmake
[3.934s] -- Installing: /home/antoxa/ros/ROS/lab2/ex09/install/full_name_pkg/share/full_name_pkg/cmake/full_name_pkg__rosidl_typesupport_introspection_cExport-noconfig.cmake
[3.934s] -- Installing: /home/antoxa/ros/ROS/lab2/ex09/install/full_name_pkg/share/full_name_pkg/cmake/full_name_pkg__rosidl_typesupport_cExport.cmake
[3.934s] -- Installing: /home/antoxa/ros/ROS/lab2/ex09/install/full_name_pkg/share/full_name_pkg/cmake/full_name_pkg__rosidl_typesupport_cExport-noconfig.cmake
[3.934s] -- Installing: /home/antoxa/ros/ROS/lab2/ex09/install/full_name_pkg/share/full_name_pkg/cmake/full_name_pkg__rosidl_typesupport_introspection_cppExport.cmake
[3.934s] -- Installing: /home/antoxa/ros/ROS/lab2/ex09/install/full_name_pkg/share/full_name_pkg/cmake/full_name_pkg__rosidl_typesupport_introspection_cppExport-noconfig.cmake
[3.934s] -- Installing: /home/antoxa/ros/ROS/lab2/ex09/install/full_name_pkg/share/full_name_pkg/cmake/full_name_pkg__rosidl_typesupport_cppExport.cmake
[3.935s] -- Installing: /home/antoxa/ros/ROS/lab2/ex09/install/full_name_pkg/share/full_name_pkg/cmake/full_name_pkg__rosidl_typesupport_cppExport-noconfig.cmake
[3.935s] -- Installing: /home/antoxa/ros/ROS/lab2/ex09/install/full_name_pkg/share/full_name_pkg/cmake/export_full_name_pkg__rosidl_generator_pyExport.cmake
[3.935s] -- Installing: /home/antoxa/ros/ROS/lab2/ex09/install/full_name_pkg/share/full_name_pkg/cmake/export_full_name_pkg__rosidl_generator_pyExport-noconfig.cmake
[3.935s] -- Installing: /home/antoxa/ros/ROS/lab2/ex09/install/full_name_pkg/share/full_name_pkg/cmake/rosidl_cmake-extras.cmake
[3.935s] -- Installing: /home/antoxa/ros/ROS/lab2/ex09/install/full_name_pkg/share/full_name_pkg/cmake/ament_cmake_export_dependencies-extras.cmake
[3.935s] -- Installing: /home/antoxa/ros/ROS/lab2/ex09/install/full_name_pkg/share/full_name_pkg/cmake/ament_cmake_export_include_directories-extras.cmake
[3.935s] -- Installing: /home/antoxa/ros/ROS/lab2/ex09/install/full_name_pkg/share/full_name_pkg/cmake/ament_cmake_export_libraries-extras.cmake
[3.935s] -- Installing: /home/antoxa/ros/ROS/lab2/ex09/install/full_name_pkg/share/full_name_pkg/cmake/ament_cmake_export_targets-extras.cmake
[3.935s] -- Installing: /home/antoxa/ros/ROS/lab2/ex09/install/full_name_pkg/share/full_name_pkg/cmake/rosidl_cmake_export_typesupport_targets-extras.cmake
[3.935s] -- Installing: /home/antoxa/ros/ROS/lab2/ex09/install/full_name_pkg/share/full_name_pkg/cmake/rosidl_cmake_export_typesupport_libraries-extras.cmake
[3.935s] -- Installing: /home/antoxa/ros/ROS/lab2/ex09/install/full_name_pkg/share/full_name_pkg/cmake/full_name_pkgConfig.cmake
[3.935s] -- Installing: /home/antoxa/ros/ROS/lab2/ex09/install/full_name_pkg/share/full_name_pkg/cmake/full_name_pkgConfig-version.cmake
[3.935s] -- Installing: /home/antoxa/ros/ROS/lab2/ex09/install/full_name_pkg/share/full_name_pkg/package.xml
[3.937s] Invoked command in '/home/antoxa/ros/ROS/lab2/ex09/build/full_name_pkg' returned '0': CMAKE_PREFIX_PATH=${CMAKE_PREFIX_PATH}:/home/antoxa/ros2_ws/install/launch_testing_examples:/home/antoxa/ros2_ws/install/examples_rclpy_pointcloud_publisher:/home/antoxa/ros2_ws/install/examples_rclpy_minimal_subscriber:/home/antoxa/ros2_ws/install/examples_rclpy_minimal_service:/home/antoxa/ros2_ws/install/examples_rclpy_minimal_publisher:/home/antoxa/ros2_ws/install/examples_rclpy_minimal_client:/home/antoxa/ros2_ws/install/examples_rclpy_minimal_action_server:/home/antoxa/ros2_ws/install/examples_rclpy_minimal_action_client:/home/antoxa/ros2_ws/install/examples_rclpy_guard_conditions:/home/antoxa/ros2_ws/install/examples_rclpy_executors:/opt/ros/jazzy DEBUGINFOD_URLS=https://debuginfod.ubuntu.com /usr/bin/cmake --install /home/antoxa/ros/ROS/lab2/ex09/build/full_name_pkg
