[0.067s] DEBUG:colcon:Command line arguments: ['/usr/bin/colcon', 'build', '--packages-select', 'text_to_cmd_vel']
[0.067s] DEBUG:colcon:Parsed command line arguments: Namespace(log_base=None, log_level=None, verb_name='build', build_base='build', install_base='install', merge_install=False, symlink_install=False, test_result_base=None, continue_on_error=False, executor='parallel', parallel_workers=22, event_handlers=None, ignore_user_meta=False, metas=['./colcon.meta'], base_paths=['.'], packages_ignore=None, packages_ignore_regex=None, paths=None, packages_up_to=None, packages_up_to_regex=None, packages_above=None, packages_above_and_dependencies=None, packages_above_depth=None, packages_select_by_dep=None, packages_skip_by_dep=None, packages_skip_up_to=None, packages_select_build_failed=False, packages_skip_build_finished=False, packages_select_test_failures=False, packages_skip_test_passed=False, packages_select=['text_to_cmd_vel'], packages_skip=None, packages_select_regex=None, packages_skip_regex=None, packages_start=None, packages_end=None, allow_overriding=[], cmake_args=None, cmake_target=None, cmake_target_skip_unavailable=False, cmake_clean_cache=False, cmake_clean_first=False, cmake_force_configure=False, ament_cmake_args=None, catkin_cmake_args=None, catkin_skip_building_tests=False, mixin_files=None, mixin=None, verb_parser=<colcon_mixin.mixin.mixin_argument.MixinArgumentDecorator object at 0x75d5983ab140>, verb_extension=<colcon_core.verb.build.BuildVerb object at 0x75d5983aae10>, main=<bound method BuildVerb.main of <colcon_core.verb.build.BuildVerb object at 0x75d5983aae10>>, mixin_verb=('build',))
[0.088s] Level 1:colcon.colcon_core.package_discovery:discover_packages(colcon_meta) check parameters
[0.088s] Level 1:colcon.colcon_core.package_discovery:discover_packages(recursive) check parameters
[0.088s] Level 1:colcon.colcon_core.package_discovery:discover_packages(ignore) check parameters
[0.088s] Level 1:colcon.colcon_core.package_discovery:discover_packages(path) check parameters
[0.088s] Level 1:colcon.colcon_core.package_discovery:discover_packages(colcon_meta) discover
[0.088s] Level 1:colcon.colcon_core.package_discovery:discover_packages(recursive) discover
[0.089s] INFO:colcon.colcon_core.package_discovery:Crawling recursively for packages in '/home/antoxa/ros/ROS/lab2/ex10'
[0.089s] Level 1:colcon.colcon_core.package_identification:_identify(.) by extensions ['ignore', 'ignore_ament_install']
[0.089s] Level 1:colcon.colcon_core.package_identification:_identify(.) by extension 'ignore'
[0.089s] Level 1:colcon.colcon_core.package_identification:_identify(.) by extension 'ignore_ament_install'
[0.089s] Level 1:colcon.colcon_core.package_identification:_identify(.) by extensions ['colcon_pkg']
[0.089s] Level 1:colcon.colcon_core.package_identification:_identify(.) by extension 'colcon_pkg'
[0.089s] Level 1:colcon.colcon_core.package_identification:_identify(.) by extensions ['colcon_meta']
[0.089s] Level 1:colcon.colcon_core.package_identification:_identify(.) by extension 'colcon_meta'
[0.089s] Level 1:colcon.colcon_core.package_identification:_identify(.) by extensions ['ros']
[0.089s] Level 1:colcon.colcon_core.package_identification:_identify(.) by extension 'ros'
[0.103s] Level 1:colcon.colcon_core.package_identification:_identify(.) by extensions ['cmake', 'python']
[0.104s] Level 1:colcon.colcon_core.package_identification:_identify(.) by extension 'cmake'
[0.104s] Level 1:colcon.colcon_core.package_identification:_identify(.) by extension 'python'
[0.104s] Level 1:colcon.colcon_core.package_identification:_identify(.) by extensions ['python_setup_py']
[0.104s] Level 1:colcon.colcon_core.package_identification:_identify(.) by extension 'python_setup_py'
[0.104s] Level 1:colcon.colcon_core.package_identification:_identify(build) by extensions ['ignore', 'ignore_ament_install']
[0.104s] Level 1:colcon.colcon_core.package_identification:_identify(build) by extension 'ignore'
[0.104s] Level 1:colcon.colcon_core.package_identification:_identify(build) ignored
[0.104s] Level 1:colcon.colcon_core.package_identification:_identify(install) by extensions ['ignore', 'ignore_ament_install']
[0.104s] Level 1:colcon.colcon_core.package_identification:_identify(install) by extension 'ignore'
[0.104s] Level 1:colcon.colcon_core.package_identification:_identify(install) ignored
[0.104s] Level 1:colcon.colcon_core.package_identification:_identify(log) by extensions ['ignore', 'ignore_ament_install']
[0.104s] Level 1:colcon.colcon_core.package_identification:_identify(log) by extension 'ignore'
[0.104s] Level 1:colcon.colcon_core.package_identification:_identify(log) ignored
[0.104s] Level 1:colcon.colcon_core.package_identification:_identify(text_to_cmd_vel) by extensions ['ignore', 'ignore_ament_install']
[0.104s] Level 1:colcon.colcon_core.package_identification:_identify(text_to_cmd_vel) by extension 'ignore'
[0.104s] Level 1:colcon.colcon_core.package_identification:_identify(text_to_cmd_vel) by extension 'ignore_ament_install'
[0.104s] Level 1:colcon.colcon_core.package_identification:_identify(text_to_cmd_vel) by extensions ['colcon_pkg']
[0.104s] Level 1:colcon.colcon_core.package_identification:_identify(text_to_cmd_vel) by extension 'colcon_pkg'
[0.104s] Level 1:colcon.colcon_core.package_identification:_identify(text_to_cmd_vel) by extensions ['colcon_meta']
[0.104s] Level 1:colcon.colcon_core.package_identification:_identify(text_to_cmd_vel) by extension 'colcon_meta'
[0.104s] Level 1:colcon.colcon_core.package_identification:_identify(text_to_cmd_vel) by extensions ['ros']
[0.104s] Level 1:colcon.colcon_core.package_identification:_identify(text_to_cmd_vel) by extension 'ros'
[0.105s] DEBUG:colcon.colcon_core.package_identification:Package 'text_to_cmd_vel' with type 'ros.ament_python' and name 'text_to_cmd_vel'
[0.106s] Level 1:colcon.colcon_core.package_discovery:discover_packages(recursive) using defaults
[0.106s] Level 1:colcon.colcon_core.package_discovery:discover_packages(ignore) discover
[0.106s] Level 1:colcon.colcon_core.package_discovery:discover_packages(ignore) using defaults
[0.106s] Level 1:colcon.colcon_core.package_discovery:discover_packages(path) discover
[0.106s] Level 1:colcon.colcon_core.package_discovery:discover_packages(path) using defaults
[0.116s] Level 1:colcon.colcon_core.package_discovery:discover_packages(prefix_path) check parameters
[0.116s] Level 1:colcon.colcon_core.package_discovery:discover_packages(prefix_path) discover
[0.117s] DEBUG:colcon.colcon_installed_package_information.package_discovery:Found 18 installed packages in /home/antoxa/ros2_ws/install
[0.118s] DEBUG:colcon.colcon_installed_package_information.package_discovery:Found 285 installed packages in /opt/ros/jazzy
[0.119s] Level 1:colcon.colcon_core.package_discovery:discover_packages(prefix_path) using defaults
[0.140s] Level 5:colcon.colcon_core.verb:set package 'text_to_cmd_vel' build argument 'cmake_args' from command line to 'None'
[0.140s] Level 5:colcon.colcon_core.verb:set package 'text_to_cmd_vel' build argument 'cmake_target' from command line to 'None'
[0.140s] Level 5:colcon.colcon_core.verb:set package 'text_to_cmd_vel' build argument 'cmake_target_skip_unavailable' from command line to 'False'
[0.140s] Level 5:colcon.colcon_core.verb:set package 'text_to_cmd_vel' build argument 'cmake_clean_cache' from command line to 'False'
[0.140s] Level 5:colcon.colcon_core.verb:set package 'text_to_cmd_vel' build argument 'cmake_clean_first' from command line to 'False'
[0.140s] Level 5:colcon.colcon_core.verb:set package 'text_to_cmd_vel' build argument 'cmake_force_configure' from command line to 'False'
[0.140s] Level 5:colcon.colcon_core.verb:set package 'text_to_cmd_vel' build argument 'ament_cmake_args' from command line to 'None'
[0.140s] Level 5:colcon.colcon_core.verb:set package 'text_to_cmd_vel' build argument 'catkin_cmake_args' from command line to 'None'
[0.140s] Level 5:colcon.colcon_core.verb:set package 'text_to_cmd_vel' build argument 'catkin_skip_building_tests' from command line to 'False'
[0.140s] DEBUG:colcon.colcon_core.verb:Building package 'text_to_cmd_vel' with the following arguments: {'ament_cmake_args': None, 'build_base': '/home/antoxa/ros/ROS/lab2/ex10/build/text_to_cmd_vel', 'catkin_cmake_args': None, 'catkin_skip_building_tests': False, 'cmake_args': None, 'cmake_clean_cache': False, 'cmake_clean_first': False, 'cmake_force_configure': False, 'cmake_target': None, 'cmake_target_skip_unavailable': False, 'install_base': '/home/antoxa/ros/ROS/lab2/ex10/install/text_to_cmd_vel', 'merge_install': False, 'path': '/home/antoxa/ros/ROS/lab2/ex10/text_to_cmd_vel', 'symlink_install': False, 'test_result_base': None}
[0.140s] INFO:colcon.colcon_core.executor:Executing jobs using 'parallel' executor
[0.141s] DEBUG:colcon.colcon_parallel_executor.executor.parallel:run_until_complete
[0.141s] INFO:colcon.colcon_ros.task.ament_python.build:Building ROS package in '/home/antoxa/ros/ROS/lab2/ex10/text_to_cmd_vel' with build type 'ament_python'
[0.141s] Level 1:colcon.colcon_core.shell:create_environment_hook('text_to_cmd_vel', 'ament_prefix_path')
[0.143s] INFO:colcon.colcon_core.plugin_system:Skipping extension 'colcon_core.shell.bat': Not used on non-Windows systems
[0.143s] INFO:colcon.colcon_core.shell:Creating environment hook '/home/antoxa/ros/ROS/lab2/ex10/install/text_to_cmd_vel/share/text_to_cmd_vel/hook/ament_prefix_path.ps1'
[0.143s] INFO:colcon.colcon_core.shell:Creating environment descriptor '/home/antoxa/ros/ROS/lab2/ex10/install/text_to_cmd_vel/share/text_to_cmd_vel/hook/ament_prefix_path.dsv'
[0.143s] INFO:colcon.colcon_core.shell:Creating environment hook '/home/antoxa/ros/ROS/lab2/ex10/install/text_to_cmd_vel/share/text_to_cmd_vel/hook/ament_prefix_path.sh'
[0.144s] INFO:colcon.colcon_core.shell:Skip shell extension 'powershell' for command environment: Not usable outside of PowerShell
[0.144s] DEBUG:colcon.colcon_core.shell:Skip shell extension 'dsv' for command environment
[0.282s] INFO:colcon.colcon_core.task.python.build:Building Python package in '/home/antoxa/ros/ROS/lab2/ex10/text_to_cmd_vel'
[0.283s] INFO:colcon.colcon_core.shell:Skip shell extension 'powershell' for command environment: Not usable outside of PowerShell
[0.283s] DEBUG:colcon.colcon_core.shell:Skip shell extension 'dsv' for command environment
[0.606s] DEBUG:colcon.colcon_core.event_handler.log_command:Invoking command in '/home/antoxa/ros/ROS/lab2/ex10/text_to_cmd_vel': DEBUGINFOD_URLS=https://debuginfod.ubuntu.com PYTHONPATH=/home/antoxa/ros/ROS/lab2/ex10/build/text_to_cmd_vel/prefix_override:/usr/lib/python3/dist-packages/colcon_core/task/python/colcon_distutils_commands:/home/antoxa/ros/ROS/lab2/ex10/install/text_to_cmd_vel/lib/python3.12/site-packages:${PYTHONPATH} /usr/bin/python3 -W ignore:setup.py install is deprecated -W ignore:easy_install command is deprecated setup.py egg_info --egg-base ../build/text_to_cmd_vel build --build-base /home/antoxa/ros/ROS/lab2/ex10/build/text_to_cmd_vel/build install --record /home/antoxa/ros/ROS/lab2/ex10/build/text_to_cmd_vel/install.log --single-version-externally-managed install_data
[0.910s] DEBUG:colcon.colcon_core.event_handler.log_command:Invoked command in '/home/antoxa/ros/ROS/lab2/ex10/text_to_cmd_vel' returned '0': DEBUGINFOD_URLS=https://debuginfod.ubuntu.com PYTHONPATH=/home/antoxa/ros/ROS/lab2/ex10/build/text_to_cmd_vel/prefix_override:/usr/lib/python3/dist-packages/colcon_core/task/python/colcon_distutils_commands:/home/antoxa/ros/ROS/lab2/ex10/install/text_to_cmd_vel/lib/python3.12/site-packages:${PYTHONPATH} /usr/bin/python3 -W ignore:setup.py install is deprecated -W ignore:easy_install command is deprecated setup.py egg_info --egg-base ../build/text_to_cmd_vel build --build-base /home/antoxa/ros/ROS/lab2/ex10/build/text_to_cmd_vel/build install --record /home/antoxa/ros/ROS/lab2/ex10/build/text_to_cmd_vel/install.log --single-version-externally-managed install_data
[0.914s] Level 1:colcon.colcon_core.environment:checking '/home/antoxa/ros/ROS/lab2/ex10/install/text_to_cmd_vel' for CMake module files
[0.914s] Level 1:colcon.colcon_core.environment:checking '/home/antoxa/ros/ROS/lab2/ex10/install/text_to_cmd_vel' for CMake config files
[0.915s] Level 1:colcon.colcon_core.environment:checking '/home/antoxa/ros/ROS/lab2/ex10/install/text_to_cmd_vel/lib'
[0.915s] Level 1:colcon.colcon_core.environment:checking '/home/antoxa/ros/ROS/lab2/ex10/install/text_to_cmd_vel/bin'
[0.915s] Level 1:colcon.colcon_core.environment:checking '/home/antoxa/ros/ROS/lab2/ex10/install/text_to_cmd_vel/lib/pkgconfig/text_to_cmd_vel.pc'
[0.915s] Level 1:colcon.colcon_core.environment:checking '/home/antoxa/ros/ROS/lab2/ex10/install/text_to_cmd_vel/lib/python3.12/site-packages'
[0.915s] Level 1:colcon.colcon_core.shell:create_environment_hook('text_to_cmd_vel', 'pythonpath')
[0.916s] INFO:colcon.colcon_core.shell:Creating environment hook '/home/antoxa/ros/ROS/lab2/ex10/install/text_to_cmd_vel/share/text_to_cmd_vel/hook/pythonpath.ps1'
[0.916s] INFO:colcon.colcon_core.shell:Creating environment descriptor '/home/antoxa/ros/ROS/lab2/ex10/install/text_to_cmd_vel/share/text_to_cmd_vel/hook/pythonpath.dsv'
[0.916s] INFO:colcon.colcon_core.shell:Creating environment hook '/home/antoxa/ros/ROS/lab2/ex10/install/text_to_cmd_vel/share/text_to_cmd_vel/hook/pythonpath.sh'
[0.916s] Level 1:colcon.colcon_core.environment:checking '/home/antoxa/ros/ROS/lab2/ex10/install/text_to_cmd_vel/bin'
[0.916s] Level 1:colcon.colcon_core.environment:create_environment_scripts_only(text_to_cmd_vel)
[0.916s] INFO:colcon.colcon_core.shell:Creating package script '/home/antoxa/ros/ROS/lab2/ex10/install/text_to_cmd_vel/share/text_to_cmd_vel/package.ps1'
[0.917s] INFO:colcon.colcon_core.shell:Creating package descriptor '/home/antoxa/ros/ROS/lab2/ex10/install/text_to_cmd_vel/share/text_to_cmd_vel/package.dsv'
[0.917s] INFO:colcon.colcon_core.shell:Creating package script '/home/antoxa/ros/ROS/lab2/ex10/install/text_to_cmd_vel/share/text_to_cmd_vel/package.sh'
[0.917s] INFO:colcon.colcon_core.shell:Creating package script '/home/antoxa/ros/ROS/lab2/ex10/install/text_to_cmd_vel/share/text_to_cmd_vel/package.bash'
[0.918s] INFO:colcon.colcon_core.shell:Creating package script '/home/antoxa/ros/ROS/lab2/ex10/install/text_to_cmd_vel/share/text_to_cmd_vel/package.zsh'
[0.918s] Level 1:colcon.colcon_core.environment:create_file_with_runtime_dependencies(/home/antoxa/ros/ROS/lab2/ex10/install/text_to_cmd_vel/share/colcon-core/packages/text_to_cmd_vel)
[0.918s] DEBUG:colcon.colcon_parallel_executor.executor.parallel:closing loop
[0.918s] DEBUG:colcon.colcon_parallel_executor.executor.parallel:loop closed
[0.918s] DEBUG:colcon.colcon_parallel_executor.executor.parallel:run_until_complete finished with '0'
[0.918s] DEBUG:colcon.colcon_core.event_reactor:joining thread
[0.923s] INFO:colcon.colcon_core.plugin_system:Skipping extension 'colcon_notification.desktop_notification.terminal_notifier': Not used on non-Darwin systems
[0.923s] INFO:colcon.colcon_core.plugin_system:Skipping extension 'colcon_notification.desktop_notification.win32': Not used on non-Windows systems
[0.923s] INFO:colcon.colcon_notification.desktop_notification:Sending desktop notification using 'notify2'
[0.936s] DEBUG:colcon.colcon_core.event_reactor:joined thread
[0.936s] INFO:colcon.colcon_core.shell:Creating prefix script '/home/antoxa/ros/ROS/lab2/ex10/install/local_setup.ps1'
[0.937s] INFO:colcon.colcon_core.shell:Creating prefix util module '/home/antoxa/ros/ROS/lab2/ex10/install/_local_setup_util_ps1.py'
[0.938s] INFO:colcon.colcon_core.shell:Creating prefix chain script '/home/antoxa/ros/ROS/lab2/ex10/install/setup.ps1'
[0.938s] INFO:colcon.colcon_core.shell:Creating prefix script '/home/antoxa/ros/ROS/lab2/ex10/install/local_setup.sh'
[0.938s] INFO:colcon.colcon_core.shell:Creating prefix util module '/home/antoxa/ros/ROS/lab2/ex10/install/_local_setup_util_sh.py'
[0.939s] INFO:colcon.colcon_core.shell:Creating prefix chain script '/home/antoxa/ros/ROS/lab2/ex10/install/setup.sh'
[0.939s] INFO:colcon.colcon_core.shell:Creating prefix script '/home/antoxa/ros/ROS/lab2/ex10/install/local_setup.bash'
[0.940s] INFO:colcon.colcon_core.shell:Creating prefix chain script '/home/antoxa/ros/ROS/lab2/ex10/install/setup.bash'
[0.940s] INFO:colcon.colcon_core.shell:Creating prefix script '/home/antoxa/ros/ROS/lab2/ex10/install/local_setup.zsh'
[0.940s] INFO:colcon.colcon_core.shell:Creating prefix chain script '/home/antoxa/ros/ROS/lab2/ex10/install/setup.zsh'
